<?xml version="1.0" encoding="UTF-8"?>
<testsuite name="com.ceiba.Parqueadero.ServicioRestParqueadero.ServicioRestParqueaderoApplicationTests" tests="1" skipped="0" failures="0" errors="0" timestamp="2017-10-24T13:20:59" hostname="JULIO-GOMEZ" time="0.008">
  <properties/>
  <testcase name="contextLoads" classname="com.ceiba.Parqueadero.ServicioRestParqueadero.ServicioRestParqueaderoApplicationTests" time="0.008"/>
  <system-out><![CDATA[08:20:52.851 [Test worker] DEBUG org.springframework.test.context.junit4.SpringJUnit4ClassRunner - SpringJUnit4ClassRunner constructor called with [class com.ceiba.Parqueadero.ServicioRestParqueadero.ServicioRestParqueaderoApplicationTests]
08:20:52.861 [Test worker] DEBUG org.springframework.test.context.BootstrapUtils - Instantiating CacheAwareContextLoaderDelegate from class [org.springframework.test.context.cache.DefaultCacheAwareContextLoaderDelegate]
08:20:52.876 [Test worker] DEBUG org.springframework.test.context.BootstrapUtils - Instantiating BootstrapContext using constructor [public org.springframework.test.context.support.DefaultBootstrapContext(java.lang.Class,org.springframework.test.context.CacheAwareContextLoaderDelegate)]
08:20:52.907 [Test worker] DEBUG org.springframework.test.context.BootstrapUtils - Instantiating TestContextBootstrapper for test class [com.ceiba.Parqueadero.ServicioRestParqueadero.ServicioRestParqueaderoApplicationTests] from class [org.springframework.boot.test.context.SpringBootTestContextBootstrapper]
08:20:52.933 [Test worker] INFO org.springframework.boot.test.context.SpringBootTestContextBootstrapper - Neither @ContextConfiguration nor @ContextHierarchy found for test class [com.ceiba.Parqueadero.ServicioRestParqueadero.ServicioRestParqueaderoApplicationTests], using SpringBootContextLoader
08:20:52.941 [Test worker] DEBUG org.springframework.test.context.support.AbstractContextLoader - Did not detect default resource location for test class [com.ceiba.Parqueadero.ServicioRestParqueadero.ServicioRestParqueaderoApplicationTests]: class path resource [com/ceiba/Parqueadero/ServicioRestParqueadero/ServicioRestParqueaderoApplicationTests-context.xml] does not exist
08:20:52.942 [Test worker] DEBUG org.springframework.test.context.support.AbstractContextLoader - Did not detect default resource location for test class [com.ceiba.Parqueadero.ServicioRestParqueadero.ServicioRestParqueaderoApplicationTests]: class path resource [com/ceiba/Parqueadero/ServicioRestParqueadero/ServicioRestParqueaderoApplicationTestsContext.groovy] does not exist
08:20:52.942 [Test worker] INFO org.springframework.test.context.support.AbstractContextLoader - Could not detect default resource locations for test class [com.ceiba.Parqueadero.ServicioRestParqueadero.ServicioRestParqueaderoApplicationTests]: no resource found for suffixes {-context.xml, Context.groovy}.
08:20:52.944 [Test worker] INFO org.springframework.test.context.support.AnnotationConfigContextLoaderUtils - Could not detect default configuration classes for test class [com.ceiba.Parqueadero.ServicioRestParqueadero.ServicioRestParqueaderoApplicationTests]: ServicioRestParqueaderoApplicationTests does not declare any static, non-private, non-final, nested classes annotated with @Configuration.
08:20:53.006 [Test worker] DEBUG org.springframework.test.context.support.ActiveProfilesUtils - Could not find an 'annotation declaring class' for annotation type [org.springframework.test.context.ActiveProfiles] and class [com.ceiba.Parqueadero.ServicioRestParqueadero.ServicioRestParqueaderoApplicationTests]
08:20:53.019 [Test worker] DEBUG org.springframework.core.env.StandardEnvironment - Adding PropertySource 'systemProperties' with lowest search precedence
08:20:53.020 [Test worker] DEBUG org.springframework.core.env.StandardEnvironment - Adding PropertySource 'systemEnvironment' with lowest search precedence
08:20:53.020 [Test worker] DEBUG org.springframework.core.env.StandardEnvironment - Initialized StandardEnvironment with PropertySources [MapPropertySource@369899290 {name='systemProperties', properties={java.runtime.name=Java(TM) SE Runtime Environment, sun.boot.library.path=C:\Program Files\Java\jdk1.8.0_151\jre\bin, java.vm.version=25.151-b12, java.vm.vendor=Oracle Corporation, java.vendor.url=http://java.oracle.com/, path.separator=;, java.vm.name=Java HotSpot(TM) 64-Bit Server VM, file.encoding.pkg=sun.io, user.script=, sun.java.launcher=SUN_STANDARD, user.country=US, sun.os.patch.level=, java.vm.specification.name=Java Virtual Machine Specification, user.dir=C:\Users\julio.gomez\Documents\ProyectoParqueadero\ServicioRestParqueadero\ServicioRestParqueadero, java.runtime.version=1.8.0_151-b12, java.awt.graphicsenv=sun.awt.Win32GraphicsEnvironment, java.endorsed.dirs=C:\Program Files\Java\jdk1.8.0_151\jre\lib\endorsed, os.arch=amd64, java.io.tmpdir=C:\Users\JULIO~1.GOM\AppData\Local\Temp\, line.separator=
, java.vm.specification.vendor=Oracle Corporation, user.variant=, os.name=Windows 10, sun.jnu.encoding=Cp1252, java.library.path=C:\Program Files\Java\jdk1.8.0_151\bin;C:\WINDOWS\Sun\Java\bin;C:\WINDOWS\system32;C:\WINDOWS;C:/Program Files/Java/jre1.8.0_151/bin/server;C:/Program Files/Java/jre1.8.0_151/bin;C:/Program Files/Java/jre1.8.0_151/lib/amd64;C:\ProgramData\Oracle\Java\javapath;C:\Program Files (x86)\Intel\iCLS Client\;C:\Program Files\Intel\iCLS Client\;C:\Oracle\product\11.1.0\client_1\bin;C:\Program Files\CollabNet\Subversion Client;C:\WINDOWS\system32;C:\WINDOWS;C:\WINDOWS\System32\Wbem;C:\WINDOWS\System32\WindowsPowerShell\v1.0\;C:\Program Files (x86)\Intel\Intel(R) Management Engine Components\DAL;C:\Program Files\Intel\Intel(R) Management Engine Components\DAL;C:\Program Files (x86)\Intel\Intel(R) Management Engine Components\IPT;C:\Program Files\Intel\Intel(R) Management Engine Components\IPT;C:\Program Files\Git\cmd;C:\Program Files\TortoiseSVN\bin;C:\Program Files\PuTTY\;C:\Users\julio.gomez\AppData\Local\Microsoft\WindowsApps;;C:\Users\julio.gomez\Desktop\eclipse-jee-oxygen-1a-win32-x86_64\eclipse;;., java.specification.name=Java Platform API Specification, java.class.version=52.0, org.gradle.native=false, sun.management.compiler=HotSpot 64-Bit Tiered Compilers, os.version=10.0, user.home=C:\Users\julio.gomez, user.timezone=America/Bogota, java.awt.printerjob=sun.awt.windows.WPrinterJob, file.encoding=windows-1252, java.specification.version=1.8, java.class.path=C:\Users\julio.gomez\Documents\ProyectoParqueadero\ServicioRestParqueadero\ServicioRestParqueadero\build\classes\java\test;C:\Users\julio.gomez\Documents\ProyectoParqueadero\ServicioRestParqueadero\ServicioRestParqueadero\build\resources\test;C:\Users\julio.gomez\Documents\ProyectoParqueadero\ServicioRestParqueadero\ServicioRestParqueadero\build\classes\java\main;C:\Users\julio.gomez\Documents\ProyectoParqueadero\ServicioRestParqueadero\ServicioRestParqueadero\build\resources\main;C:\Users\julio.gomez\.gradle\caches\modules-2\files-2.1\org.springframework.boot\spring-boot-starter-data-jpa\2.0.0.BUILD-SNAPSHOT\8a4072633d31b7f2fbe3f6a10f81d43c41803f98\spring-boot-starter-data-jpa-2.0.0.BUILD-SNAPSHOT.jar;C:\Users\julio.gomez\.gradle\caches\modules-2\files-2.1\org.springframework.boot\spring-boot-starter-web\2.0.0.BUILD-SNAPSHOT\a0bf3be22c946f09bbabc367f8c8722950efa448\spring-boot-starter-web-2.0.0.BUILD-SNAPSHOT.jar;C:\Users\julio.gomez\.gradle\caches\modules-2\files-2.1\com.h2database\h2\1.4.196\dd0034398d593aa3588c6773faac429bbd9aea0e\h2-1.4.196.jar;C:\Users\julio.gomez\.gradle\caches\modules-2\files-2.1\org.springframework.boot\spring-boot-starter-test\2.0.0.BUILD-SNAPSHOT\f0615f03526a8473e68f1e36c63a451502fcf49\spring-boot-starter-test-2.0.0.BUILD-SNAPSHOT.jar;C:\Users\julio.gomez\.gradle\caches\modules-2\files-2.1\org.mockito\mockito-core\2.11.0\f819efbe6ef3f010382cdc1b4d33749e377e1cc4\mockito-core-2.11.0.jar;C:\Users\julio.gomez\.gradle\caches\modules-2\files-2.1\org.springframework.boot\spring-boot-starter-aop\2.0.0.BUILD-SNAPSHOT\aff27d6f6a092f2f613ccbc4657f266e0957e4c9\spring-boot-starter-aop-2.0.0.BUILD-SNAPSHOT.jar;C:\Users\julio.gomez\.gradle\caches\modules-2\files-2.1\org.springframework.boot\spring-boot-starter-jdbc\2.0.0.BUILD-SNAPSHOT\d4c37f4a4cf611b8d19e3512627810bfc7c1cdf8\spring-boot-starter-jdbc-2.0.0.BUILD-SNAPSHOT.jar;C:\Users\julio.gomez\.gradle\caches\modules-2\files-2.1\org.springframework.boot\spring-boot-starter-json\2.0.0.BUILD-SNAPSHOT\2a6ede18a36b6e7b81fbb7b13c1e9060755dcad1\spring-boot-starter-json-2.0.0.BUILD-SNAPSHOT.jar;C:\Users\julio.gomez\.gradle\caches\modules-2\files-2.1\org.springframework.boot\spring-boot-starter\2.0.0.BUILD-SNAPSHOT\2e644bb05b80aea89e53110d1993b2fdbe60abe\spring-boot-starter-2.0.0.BUILD-SNAPSHOT.jar;C:\Users\julio.gomez\.gradle\caches\modules-2\files-2.1\org.hibernate\hibernate-core\5.2.12.Final\ea479b6692e22c9b642dd4142db670e92d106544\hibernate-core-5.2.12.Final.jar;C:\Users\julio.gomez\.gradle\caches\modules-2\files-2.1\javax.transaction\javax.transaction-api\1.2\d81aff979d603edd90dcd8db2abc1f4ce6479e3e\javax.transaction-api-1.2.jar;C:\Users\julio.gomez\.gradle\caches\modules-2\files-2.1\org.springframework.data\spring-data-jpa\2.0.1.BUILD-SNAPSHOT\6d73ba61d9f517862cece0a7d5d8a0da4579b598\spring-data-jpa-2.0.1.BUILD-SNAPSHOT.jar;C:\Users\julio.gomez\.gradle\caches\modules-2\files-2.1\org.springframework\spring-aspects\5.0.1.BUILD-SNAPSHOT\7c91738b26abcc37f237ef9f36aac3db19f691bf\spring-aspects-5.0.1.BUILD-SNAPSHOT.jar;C:\Users\julio.gomez\.gradle\caches\modules-2\files-2.1\org.springframework.boot\spring-boot-starter-tomcat\2.0.0.BUILD-SNAPSHOT\c5309214bba07b0ffcfdc450e49e5258d8536e21\spring-boot-starter-tomcat-2.0.0.BUILD-SNAPSHOT.jar;C:\Users\julio.gomez\.gradle\caches\modules-2\files-2.1\org.hibernate.validator\hibernate-validator\6.0.3.Final\ede992930ceba3ebd17bd3e5ac3e1be5f520cc6c\hibernate-validator-6.0.3.Final.jar;C:\Users\julio.gomez\.gradle\caches\modules-2\files-2.1\org.springframework\spring-webmvc\5.0.1.BUILD-SNAPSHOT\b4beafb0585095253d48bbbb4e4c427d82ed082f\spring-webmvc-5.0.1.BUILD-SNAPSHOT.jar;C:\Users\julio.gomez\.gradle\caches\modules-2\files-2.1\org.springframework\spring-web\5.0.1.BUILD-SNAPSHOT\e659c0b4e27fe8bcdd165e04e943a262a4459978\spring-web-5.0.1.BUILD-SNAPSHOT.jar;C:\Users\julio.gomez\.gradle\caches\modules-2\files-2.1\org.springframework.boot\spring-boot-test-autoconfigure\2.0.0.BUILD-SNAPSHOT\b9cacd11a6558ddc3bf154a8359f37554b9b3186\spring-boot-test-autoconfigure-2.0.0.BUILD-SNAPSHOT.jar;C:\Users\julio.gomez\.gradle\caches\modules-2\files-2.1\org.springframework.boot\spring-boot-test\2.0.0.BUILD-SNAPSHOT\8adc800903a9ae64283d838b1256504c98fe2d48\spring-boot-test-2.0.0.BUILD-SNAPSHOT.jar;C:\Users\julio.gomez\.gradle\caches\modules-2\files-2.1\com.jayway.jsonpath\json-path\2.4.0\765a4401ceb2dc8d40553c2075eb80a8fa35c2ae\json-path-2.4.0.jar;C:\Users\julio.gomez\.gradle\caches\modules-2\files-2.1\junit\junit\4.12\2973d150c0dc1fefe998f834810d68f278ea58ec\junit-4.12.jar;C:\Users\julio.gomez\.gradle\caches\modules-2\files-2.1\org.assertj\assertj-core\3.8.0\b209d90ff2e279bee3e02547ee7b11349c52d0e3\assertj-core-3.8.0.jar;C:\Users\julio.gomez\.gradle\caches\modules-2\files-2.1\org.hamcrest\hamcrest-library\1.3\4785a3c21320980282f9f33d0d1264a69040538f\hamcrest-library-1.3.jar;C:\Users\julio.gomez\.gradle\caches\modules-2\files-2.1\org.hamcrest\hamcrest-core\1.3\42a25dc3219429f0e5d060061f71acb49bf010a0\hamcrest-core-1.3.jar;C:\Users\julio.gomez\.gradle\caches\modules-2\files-2.1\org.skyscreamer\jsonassert\1.5.0\6c9d5fe2f59da598d9aefc1cfc6528ff3cf32df3\jsonassert-1.5.0.jar;C:\Users\julio.gomez\.gradle\caches\modules-2\files-2.1\org.springframework\spring-test\5.0.1.BUILD-SNAPSHOT\e2d76eef263abd166510934d901d70ca390acd62\spring-test-5.0.1.BUILD-SNAPSHOT.jar;C:\Users\julio.gomez\.gradle\caches\modules-2\files-2.1\org.springframework.boot\spring-boot-autoconfigure\2.0.0.BUILD-SNAPSHOT\1bbf28959fb4aade23bfbeb17c949ebaea7f958d\spring-boot-autoconfigure-2.0.0.BUILD-SNAPSHOT.jar;C:\Users\julio.gomez\.gradle\caches\modules-2\files-2.1\org.springframework.boot\spring-boot\2.0.0.BUILD-SNAPSHOT\5345e2c4b4103a79ec8fc8407e1c1de63431c8a9\spring-boot-2.0.0.BUILD-SNAPSHOT.jar;C:\Users\julio.gomez\.gradle\caches\modules-2\files-2.1\org.springframework\spring-context\5.0.1.BUILD-SNAPSHOT\844c8ac4bfed74e6b90314573097b979b8732f98\spring-context-5.0.1.BUILD-SNAPSHOT.jar;C:\Users\julio.gomez\.gradle\caches\modules-2\files-2.1\org.springframework\spring-aop\5.0.1.BUILD-SNAPSHOT\a24646259f1c03801d22fb6dd840779046b8713d\spring-aop-5.0.1.BUILD-SNAPSHOT.jar;C:\Users\julio.gomez\.gradle\caches\modules-2\files-2.1\org.springframework\spring-orm\5.0.1.BUILD-SNAPSHOT\b7dba67bc4db21aa415c1ff9f910cb08669d06f2\spring-orm-5.0.1.BUILD-SNAPSHOT.jar;C:\Users\julio.gomez\.gradle\caches\modules-2\files-2.1\org.springframework\spring-jdbc\5.0.1.BUILD-SNAPSHOT\e6b2715c1286500f91418d3ceb25241e79326ded\spring-jdbc-5.0.1.BUILD-SNAPSHOT.jar;C:\Users\julio.gomez\.gradle\caches\modules-2\files-2.1\org.springframework.data\spring-data-commons\2.0.1.BUILD-SNAPSHOT\3147a238dfe1396deac7c4e8507f46d5a7ff07db\spring-data-commons-2.0.1.BUILD-SNAPSHOT.jar;C:\Users\julio.gomez\.gradle\caches\modules-2\files-2.1\org.springframework\spring-tx\5.0.1.BUILD-SNAPSHOT\2401c962f663c88f869d4383f9a3a07012635a6d\spring-tx-5.0.1.BUILD-SNAPSHOT.jar;C:\Users\julio.gomez\.gradle\caches\modules-2\files-2.1\org.springframework\spring-beans\5.0.1.BUILD-SNAPSHOT\c37d88761f88ed55c6affc0b4cb2d593db2cb5c0\spring-beans-5.0.1.BUILD-SNAPSHOT.jar;C:\Users\julio.gomez\.gradle\caches\modules-2\files-2.1\org.springframework\spring-expression\5.0.1.BUILD-SNAPSHOT\179535309b94911e3cdc7faadc4c38f0a6f2cea4\spring-expression-5.0.1.BUILD-SNAPSHOT.jar;C:\Users\julio.gomez\.gradle\caches\modules-2\files-2.1\org.springframework\spring-core\5.0.1.BUILD-SNAPSHOT\567f2b0a8e490f77124a6eaaf8f739e7ef297060\spring-core-5.0.1.BUILD-SNAPSHOT.jar;C:\Users\julio.gomez\.gradle\caches\modules-2\files-2.1\org.xmlunit\xmlunit-core\2.5.0\7464e446df1051ac5196ffd2c28ee903a1104133\xmlunit-core-2.5.0.jar;C:\Users\julio.gomez\.gradle\caches\modules-2\files-2.1\net.bytebuddy\byte-buddy\1.7.6\f79a6ca612ed13038efedbbba1ead83b8d6fe7ec\byte-buddy-1.7.6.jar;C:\Users\julio.gomez\.gradle\caches\modules-2\files-2.1\net.bytebuddy\byte-buddy-agent\1.7.6\e863f5ab595f480f42d641f22935437e679d4beb\byte-buddy-agent-1.7.6.jar;C:\Users\julio.gomez\.gradle\caches\modules-2\files-2.1\org.objenesis\objenesis\2.6\639033469776fd37c08358c6b92a4761feb2af4b\objenesis-2.6.jar;C:\Users\julio.gomez\.gradle\caches\modules-2\files-2.1\org.springframework.boot\spring-boot-starter-logging\2.0.0.BUILD-SNAPSHOT\47f6f2037f76ad86a81672bbe2b9340ac4744045\spring-boot-starter-logging-2.0.0.BUILD-SNAPSHOT.jar;C:\Users\julio.gomez\.gradle\caches\modules-2\files-2.1\javax.annotation\javax.annotation-api\1.3.1\20a2c0583598d68b0835474bbe07792d4f3b219f\javax.annotation-api-1.3.1.jar;C:\Users\julio.gomez\.gradle\caches\modules-2\files-2.1\org.yaml\snakeyaml\1.19\2d998d3d674b172a588e54ab619854d073f555b5\snakeyaml-1.19.jar;C:\Users\julio.gomez\.gradle\caches\modules-2\files-2.1\org.aspectj\aspectjweaver\1.8.12\87be4d5a1c68004a247a62c011fa63da786965fb\aspectjweaver-1.8.12.jar;C:\Users\julio.gomez\.gradle\caches\modules-2\files-2.1\com.zaxxer\HikariCP\2.7.2\8eadf835d2f74c30b75ffcb2693bb6853b85cf1e\HikariCP-2.7.2.jar;C:\Users\julio.gomez\.gradle\caches\modules-2\files-2.1\org.hibernate.common\hibernate-commons-annotations\5.0.1.Final\71e1cff3fcb20d3b3af4f3363c3ddb24d33c6879\hibernate-commons-annotations-5.0.1.Final.jar;C:\Users\julio.gomez\.gradle\caches\modules-2\files-2.1\org.jboss.logging\jboss-logging\3.3.1.Final\c46217ab74b532568c0ed31dc599db3048bd1b67\jboss-logging-3.3.1.Final.jar;C:\Users\julio.gomez\.gradle\caches\modules-2\files-2.1\org.hibernate.javax.persistence\hibernate-jpa-2.1-api\1.0.0.Final\5e731d961297e5a07290bfaf3db1fbc8bbbf405a\hibernate-jpa-2.1-api-1.0.0.Final.jar;C:\Users\julio.gomez\.gradle\caches\modules-2\files-2.1\org.javassist\javassist\3.22.0-CR2\44eaf0990dea92f4bca4b9931b2239c0e8756ee7\javassist-3.22.0-CR2.jar;C:\Users\julio.gomez\.gradle\caches\modules-2\files-2.1\antlr\antlr\2.7.7\83cd2cd674a217ade95a4bb83a8a14f351f48bd0\antlr-2.7.7.jar;C:\Users\julio.gomez\.gradle\caches\modules-2\files-2.1\org.jboss\jandex\2.0.3.Final\bfc4d6257dbff7a33a357f0de116be6ff951d849\jandex-2.0.3.Final.jar;C:\Users\julio.gomez\.gradle\caches\modules-2\files-2.1\com.fasterxml\classmate\1.3.4\3d5f48f10bbe4eb7bd862f10c0583be2e0053c6\classmate-1.3.4.jar;C:\Users\julio.gomez\.gradle\caches\modules-2\files-2.1\dom4j\dom4j\1.6.1\5d3ccc056b6f056dbf0dddfdf43894b9065a8f94\dom4j-1.6.1.jar;C:\Users\julio.gomez\.gradle\caches\modules-2\files-2.1\ch.qos.logback\logback-classic\1.2.3\7c4f3c474fb2c041d8028740440937705ebb473a\logback-classic-1.2.3.jar;C:\Users\julio.gomez\.gradle\caches\modules-2\files-2.1\org.slf4j\jul-to-slf4j\1.7.25\af5364cd6679bfffb114f0dec8a157aaa283b76\jul-to-slf4j-1.7.25.jar;C:\Users\julio.gomez\.gradle\caches\modules-2\files-2.1\org.slf4j\log4j-over-slf4j\1.7.25\a87bb47468f47ee7aabbd54f93e133d4215769c3\log4j-over-slf4j-1.7.25.jar;C:\Users\julio.gomez\.gradle\caches\modules-2\files-2.1\org.slf4j\slf4j-api\1.7.25\da76ca59f6a57ee3102f8f9bd9cee742973efa8a\slf4j-api-1.7.25.jar;C:\Users\julio.gomez\.gradle\caches\modules-2\files-2.1\com.fasterxml.jackson.datatype\jackson-datatype-jdk8\2.9.2\9b0b7c623262e29c73e8f6a78f6150372d2066f8\jackson-datatype-jdk8-2.9.2.jar;C:\Users\julio.gomez\.gradle\caches\modules-2\files-2.1\com.fasterxml.jackson.datatype\jackson-datatype-jsr310\2.9.2\e1653d338703d8233cc1ac18c6722510bdaceb4f\jackson-datatype-jsr310-2.9.2.jar;C:\Users\julio.gomez\.gradle\caches\modules-2\files-2.1\com.fasterxml.jackson.module\jackson-module-parameter-names\2.9.2\be78ca220839b2c53ebd33fd4d580b5a0cacdd5a\jackson-module-parameter-names-2.9.2.jar;C:\Users\julio.gomez\.gradle\caches\modules-2\files-2.1\com.fasterxml.jackson.module\jackson-module-kotlin\2.9.2\a9cf72ae68a641ade45c400b6cec2d363818f11b\jackson-module-kotlin-2.9.2.jar;C:\Users\julio.gomez\.gradle\caches\modules-2\files-2.1\com.fasterxml.jackson.core\jackson-databind\2.9.2\1d8d8cb7cf26920ba57fb61fa56da88cc123b21f\jackson-databind-2.9.2.jar;C:\Users\julio.gomez\.gradle\caches\modules-2\files-2.1\org.apache.tomcat.embed\tomcat-embed-websocket\8.5.23\52f07abcae10dc7e1764304b0877def175c2c833\tomcat-embed-websocket-8.5.23.jar;C:\Users\julio.gomez\.gradle\caches\modules-2\files-2.1\org.apache.tomcat.embed\tomcat-embed-core\8.5.23\79261793a47f507890ee08f749b9d81774e4f7f0\tomcat-embed-core-8.5.23.jar;C:\Users\julio.gomez\.gradle\caches\modules-2\files-2.1\org.apache.tomcat.embed\tomcat-embed-el\8.5.23\98d979cde444dffa6d434c8377d0123b2dfa614c\tomcat-embed-el-8.5.23.jar;C:\Users\julio.gomez\.gradle\caches\modules-2\files-2.1\javax.validation\validation-api\2.0.0.Final\4a7ff48084bd336c4de1f79f027f6f77badf399e\validation-api-2.0.0.Final.jar;C:\Users\julio.gomez\.gradle\caches\modules-2\files-2.1\net.minidev\json-smart\2.3\7396407491352ce4fa30de92efb158adb76b5b\json-smart-2.3.jar;C:\Users\julio.gomez\.gradle\caches\modules-2\files-2.1\com.vaadin.external.google\android-json\0.0.20131108.vaadin1\fa26d351fe62a6a17f5cda1287c1c6110dec413f\android-json-0.0.20131108.vaadin1.jar;C:\Users\julio.gomez\.gradle\caches\modules-2\files-2.1\org.springframework\spring-jcl\5.0.1.BUILD-SNAPSHOT\718eb8772c6d7687c14d7b0030e752226b94dbe2\spring-jcl-5.0.1.BUILD-SNAPSHOT.jar;C:\Users\julio.gomez\.gradle\caches\modules-2\files-2.1\com.fasterxml.jackson.core\jackson-annotations\2.9.0\7c10d545325e3a6e72e06381afe469fd40eb701\jackson-annotations-2.9.0.jar;C:\Users\julio.gomez\.gradle\caches\modules-2\files-2.1\com.fasterxml.jackson.core\jackson-core\2.9.2\aed20e50152a2f19adc1995c8d8f307c7efa414d\jackson-core-2.9.2.jar;C:\Users\julio.gomez\.gradle\caches\modules-2\files-2.1\org.apache.tomcat\tomcat-annotations-api\8.5.23\aaf17df9fe0240e9e9d5375d24d5f177174b73d9\tomcat-annotations-api-8.5.23.jar;C:\Users\julio.gomez\.gradle\caches\modules-2\files-2.1\net.minidev\accessors-smart\1.2\c592b500269bfde36096641b01238a8350f8aa31\accessors-smart-1.2.jar;C:\Users\julio.gomez\.gradle\caches\modules-2\files-2.1\ch.qos.logback\logback-core\1.2.3\864344400c3d4d92dfeb0a305dc87d953677c03c\logback-core-1.2.3.jar;C:\Users\julio.gomez\.gradle\caches\modules-2\files-2.1\org.ow2.asm\asm\5.0.4\da08b8cce7bbf903602a25a3a163ae252435795\asm-5.0.4.jar, user.name=julio.gomez, java.vm.specification.version=1.8, sun.java.command=worker.org.gradle.process.internal.worker.GradleWorkerMain 'Gradle Test Executor 1', java.home=C:\Program Files\Java\jdk1.8.0_151\jre, sun.arch.data.model=64, user.language=en, java.specification.vendor=Oracle Corporation, awt.toolkit=sun.awt.windows.WToolkit, java.vm.info=mixed mode, java.version=1.8.0_151, java.ext.dirs=C:\Program Files\Java\jdk1.8.0_151\jre\lib\ext;C:\WINDOWS\Sun\Java\lib\ext, property=value, sun.boot.class.path=C:\Program Files\Java\jdk1.8.0_151\jre\lib\resources.jar;C:\Program Files\Java\jdk1.8.0_151\jre\lib\rt.jar;C:\Program Files\Java\jdk1.8.0_151\jre\lib\sunrsasign.jar;C:\Program Files\Java\jdk1.8.0_151\jre\lib\jsse.jar;C:\Program Files\Java\jdk1.8.0_151\jre\lib\jce.jar;C:\Program Files\Java\jdk1.8.0_151\jre\lib\charsets.jar;C:\Program Files\Java\jdk1.8.0_151\jre\lib\jfr.jar;C:\Program Files\Java\jdk1.8.0_151\jre\classes, java.vendor=Oracle Corporation, org.gradle.test.worker=1, file.separator=\, java.vendor.url.bug=http://bugreport.sun.com/bugreport/, sun.io.unicode.encoding=UnicodeLittle, sun.cpu.endian=little, sun.desktop=windows, sun.cpu.isalist=amd64}}, SystemEnvironmentPropertySource@1315627336 {name='systemEnvironment', properties={USERDOMAIN_ROAMINGPROFILE=CEIBA, LOCALAPPDATA=C:\Users\julio.gomez\AppData\Local, PROCESSOR_LEVEL=6, USERDOMAIN=CEIBA, FPS_BROWSER_APP_PROFILE_STRING=Internet Explorer, LOGONSERVER=\\ARES, JAVA_HOME=C:\Program Files\Java\jdk1.8.0_151, SESSIONNAME=Console, ALLUSERSPROFILE=C:\ProgramData, PROCESSOR_ARCHITECTURE=AMD64, PSModulePath=C:\Program Files\WindowsPowerShell\Modules;C:\WINDOWS\system32\WindowsPowerShell\v1.0\Modules, SystemDrive=C:, JRE_HOME=C:\Program Files\Java\jdk1.8.0_151\jre, OneDrive=C:\Users\julio.gomez\OneDrive, APPDATA=C:\Users\julio.gomez\AppData\Roaming, USERNAME=julio.gomez, JDK_HOME=C:\Program Files\Java\jdk1.8.0_151, USERDNSDOMAIN=CEIBA.LOCAL, ProgramFiles(x86)=C:\Program Files (x86), CommonProgramFiles=C:\Program Files\Common Files, Path=C:/Program Files/Java/jre1.8.0_151/bin/server;C:/Program Files/Java/jre1.8.0_151/bin;C:/Program Files/Java/jre1.8.0_151/lib/amd64;C:\ProgramData\Oracle\Java\javapath;C:\Program Files (x86)\Intel\iCLS Client\;C:\Program Files\Intel\iCLS Client\;C:\Oracle\product\11.1.0\client_1\bin;C:\Program Files\CollabNet\Subversion Client;C:\WINDOWS\system32;C:\WINDOWS;C:\WINDOWS\System32\Wbem;C:\WINDOWS\System32\WindowsPowerShell\v1.0\;C:\Program Files (x86)\Intel\Intel(R) Management Engine Components\DAL;C:\Program Files\Intel\Intel(R) Management Engine Components\DAL;C:\Program Files (x86)\Intel\Intel(R) Management Engine Components\IPT;C:\Program Files\Intel\Intel(R) Management Engine Components\IPT;C:\Program Files\Git\cmd;C:\Program Files\TortoiseSVN\bin;C:\Program Files\PuTTY\;C:\Users\julio.gomez\AppData\Local\Microsoft\WindowsApps;;C:\Users\julio.gomez\Desktop\eclipse-jee-oxygen-1a-win32-x86_64\eclipse;, FPS_BROWSER_USER_PROFILE_STRING=Default, PATHEXT=.COM;.EXE;.BAT;.CMD;.VBS;.VBE;.JS;.JSE;.WSF;.WSH;.MSC, OS=Windows_NT, COMPUTERNAME=JULIO-GOMEZ, PROCESSOR_REVISION=3a09, CLASSPATH=.;C:\Program Files\Java\jdk1.8.0_151\lib;C:\Program Files\Java\jdk1.8.0_151\jre\lib, CommonProgramW6432=C:\Program Files\Common Files, ComSpec=C:\WINDOWS\system32\cmd.exe, ProgramData=C:\ProgramData, ProgramW6432=C:\Program Files, HOMEPATH=\Users\julio.gomez, SystemRoot=C:\WINDOWS, TEMP=C:\Users\JULIO~1.GOM\AppData\Local\Temp, HOMEDRIVE=C:, PROCESSOR_IDENTIFIER=Intel64 Family 6 Model 58 Stepping 9, GenuineIntel, USERPROFILE=C:\Users\julio.gomez, TMP=C:\Users\JULIO~1.GOM\AppData\Local\Temp, CommonProgramFiles(x86)=C:\Program Files (x86)\Common Files, ProgramFiles=C:\Program Files, PUBLIC=C:\Users\Public, NUMBER_OF_PROCESSORS=8, windir=C:\WINDOWS, =::=::\}}]
08:20:53.042 [Test worker] DEBUG org.springframework.core.io.support.PathMatchingResourcePatternResolver - Resolved classpath location [com/ceiba/Parqueadero/ServicioRestParqueadero/] to resources [URL [file:/C:/Users/julio.gomez/Documents/ProyectoParqueadero/ServicioRestParqueadero/ServicioRestParqueadero/build/classes/java/test/com/ceiba/Parqueadero/ServicioRestParqueadero/], URL [file:/C:/Users/julio.gomez/Documents/ProyectoParqueadero/ServicioRestParqueadero/ServicioRestParqueadero/build/classes/java/main/com/ceiba/Parqueadero/ServicioRestParqueadero/]]
08:20:53.043 [Test worker] DEBUG org.springframework.core.io.support.PathMatchingResourcePatternResolver - Looking for matching resources in directory tree [C:\Users\julio.gomez\Documents\ProyectoParqueadero\ServicioRestParqueadero\ServicioRestParqueadero\build\classes\java\test\com\ceiba\Parqueadero\ServicioRestParqueadero]
08:20:53.043 [Test worker] DEBUG org.springframework.core.io.support.PathMatchingResourcePatternResolver - Searching directory [C:\Users\julio.gomez\Documents\ProyectoParqueadero\ServicioRestParqueadero\ServicioRestParqueadero\build\classes\java\test\com\ceiba\Parqueadero\ServicioRestParqueadero] for files matching pattern [C:/Users/julio.gomez/Documents/ProyectoParqueadero/ServicioRestParqueadero/ServicioRestParqueadero/build/classes/java/test/com/ceiba/Parqueadero/ServicioRestParqueadero/*.class]
08:20:53.047 [Test worker] DEBUG org.springframework.core.io.support.PathMatchingResourcePatternResolver - Looking for matching resources in directory tree [C:\Users\julio.gomez\Documents\ProyectoParqueadero\ServicioRestParqueadero\ServicioRestParqueadero\build\classes\java\main\com\ceiba\Parqueadero\ServicioRestParqueadero]
08:20:53.048 [Test worker] DEBUG org.springframework.core.io.support.PathMatchingResourcePatternResolver - Searching directory [C:\Users\julio.gomez\Documents\ProyectoParqueadero\ServicioRestParqueadero\ServicioRestParqueadero\build\classes\java\main\com\ceiba\Parqueadero\ServicioRestParqueadero] for files matching pattern [C:/Users/julio.gomez/Documents/ProyectoParqueadero/ServicioRestParqueadero/ServicioRestParqueadero/build/classes/java/main/com/ceiba/Parqueadero/ServicioRestParqueadero/*.class]
08:20:53.048 [Test worker] DEBUG org.springframework.core.io.support.PathMatchingResourcePatternResolver - Resolved location pattern [classpath*:com/ceiba/Parqueadero/ServicioRestParqueadero/*.class] to resources [file [C:\Users\julio.gomez\Documents\ProyectoParqueadero\ServicioRestParqueadero\ServicioRestParqueadero\build\classes\java\test\com\ceiba\Parqueadero\ServicioRestParqueadero\ServicioRestParqueaderoApplicationTests.class], file [C:\Users\julio.gomez\Documents\ProyectoParqueadero\ServicioRestParqueadero\ServicioRestParqueadero\build\classes\java\main\com\ceiba\Parqueadero\ServicioRestParqueadero\ServicioRestParqueaderoApplication.class]]
08:20:53.123 [Test worker] DEBUG org.springframework.context.annotation.ClassPathScanningCandidateComponentProvider - Identified candidate component class: file [C:\Users\julio.gomez\Documents\ProyectoParqueadero\ServicioRestParqueadero\ServicioRestParqueadero\build\classes\java\main\com\ceiba\Parqueadero\ServicioRestParqueadero\ServicioRestParqueaderoApplication.class]
08:20:53.124 [Test worker] INFO org.springframework.boot.test.context.SpringBootTestContextBootstrapper - Found @SpringBootConfiguration com.ceiba.Parqueadero.ServicioRestParqueadero.ServicioRestParqueaderoApplication for test class com.ceiba.Parqueadero.ServicioRestParqueadero.ServicioRestParqueaderoApplicationTests
08:20:53.322 [Test worker] DEBUG org.springframework.boot.test.context.SpringBootTestContextBootstrapper - @TestExecutionListeners is not present for class [com.ceiba.Parqueadero.ServicioRestParqueadero.ServicioRestParqueaderoApplicationTests]: using defaults.
08:20:53.322 [Test worker] INFO org.springframework.boot.test.context.SpringBootTestContextBootstrapper - Loaded default TestExecutionListener class names from location [META-INF/spring.factories]: [org.springframework.boot.test.autoconfigure.restdocs.RestDocsTestExecutionListener, org.springframework.boot.test.autoconfigure.web.client.MockRestServiceServerResetTestExecutionListener, org.springframework.boot.test.autoconfigure.web.servlet.MockMvcPrintOnlyOnFailureTestExecutionListener, org.springframework.boot.test.autoconfigure.web.servlet.WebDriverTestExecutionListener, org.springframework.boot.test.mock.mockito.MockitoTestExecutionListener, org.springframework.boot.test.mock.mockito.ResetMocksTestExecutionListener, org.springframework.test.context.web.ServletTestExecutionListener, org.springframework.test.context.support.DirtiesContextBeforeModesTestExecutionListener, org.springframework.test.context.support.DependencyInjectionTestExecutionListener, org.springframework.test.context.support.DirtiesContextTestExecutionListener, org.springframework.test.context.transaction.TransactionalTestExecutionListener, org.springframework.test.context.jdbc.SqlScriptsTestExecutionListener]
08:20:53.363 [Test worker] INFO org.springframework.boot.test.context.SpringBootTestContextBootstrapper - Using TestExecutionListeners: [org.springframework.test.context.web.ServletTestExecutionListener@1c009113, org.springframework.test.context.support.DirtiesContextBeforeModesTestExecutionListener@6e7198d0, org.springframework.boot.test.autoconfigure.SpringBootDependencyInjectionTestExecutionListener@3bf584dd, org.springframework.test.context.support.DirtiesContextTestExecutionListener@4d997a48, org.springframework.test.context.transaction.TransactionalTestExecutionListener@5589f2e1, org.springframework.test.context.jdbc.SqlScriptsTestExecutionListener@37dc4798, org.springframework.boot.test.autoconfigure.restdocs.RestDocsTestExecutionListener@2098fed2, org.springframework.boot.test.autoconfigure.web.servlet.WebDriverTestExecutionListener@26559bb3, org.springframework.boot.test.mock.mockito.ResetMocksTestExecutionListener@3cd17b62, org.springframework.boot.test.autoconfigure.web.client.MockRestServiceServerResetTestExecutionListener@69e40be7, org.springframework.boot.test.autoconfigure.web.servlet.MockMvcPrintOnlyOnFailureTestExecutionListener@eed0667, org.springframework.boot.test.mock.mockito.MockitoTestExecutionListener@4ef8c0a]
08:20:53.366 [Test worker] DEBUG org.springframework.test.annotation.ProfileValueUtils - Retrieved @ProfileValueSourceConfiguration [null] for test class [com.ceiba.Parqueadero.ServicioRestParqueadero.ServicioRestParqueaderoApplicationTests]
08:20:53.366 [Test worker] DEBUG org.springframework.test.annotation.ProfileValueUtils - Retrieved ProfileValueSource type [class org.springframework.test.annotation.SystemProfileValueSource] for class [com.ceiba.Parqueadero.ServicioRestParqueadero.ServicioRestParqueaderoApplicationTests]
08:20:53.367 [Test worker] DEBUG org.springframework.test.annotation.ProfileValueUtils - Retrieved @ProfileValueSourceConfiguration [null] for test class [com.ceiba.Parqueadero.ServicioRestParqueadero.ServicioRestParqueaderoApplicationTests]
08:20:53.367 [Test worker] DEBUG org.springframework.test.annotation.ProfileValueUtils - Retrieved ProfileValueSource type [class org.springframework.test.annotation.SystemProfileValueSource] for class [com.ceiba.Parqueadero.ServicioRestParqueadero.ServicioRestParqueaderoApplicationTests]
08:20:53.372 [Test worker] DEBUG org.springframework.test.context.support.AbstractDirtiesContextTestExecutionListener - Before test class: context [DefaultTestContext@7d4478a5 testClass = ServicioRestParqueaderoApplicationTests, testInstance = [null], testMethod = [null], testException = [null], mergedContextConfiguration = [WebMergedContextConfiguration@2c3ef112 testClass = ServicioRestParqueaderoApplicationTests, locations = '{}', classes = '{class com.ceiba.Parqueadero.ServicioRestParqueadero.ServicioRestParqueaderoApplication}', contextInitializerClasses = '[]', activeProfiles = '{}', propertySourceLocations = '{}', propertySourceProperties = '{org.springframework.boot.test.context.SpringBootTestContextBootstrapper=true}', contextCustomizers = set[org.springframework.boot.test.autoconfigure.properties.PropertyMappingContextCustomizer@0, org.springframework.boot.test.autoconfigure.web.servlet.WebDriverContextCustomizerFactory$Customizer@4a1777a0, org.springframework.boot.test.context.SpringBootTestContextCustomizer@611e793a, org.springframework.boot.test.context.filter.ExcludeFilterContextCustomizer@238cbc3f, org.springframework.boot.test.json.DuplicateJsonObjectContextCustomizerFactory$DuplicateJsonObjectContextCustomizer@66b955b5, org.springframework.boot.test.mock.mockito.MockitoContextCustomizer@0], resourceBasePath = 'src/main/webapp', contextLoader = 'org.springframework.boot.test.context.SpringBootContextLoader', parent = [null]], attributes = map['org.springframework.test.context.web.ServletTestExecutionListener.activateListener' -> true]], class annotated with @DirtiesContext [false] with mode [null].
08:20:53.372 [Test worker] DEBUG org.springframework.test.annotation.ProfileValueUtils - Retrieved @ProfileValueSourceConfiguration [null] for test class [com.ceiba.Parqueadero.ServicioRestParqueadero.ServicioRestParqueaderoApplicationTests]
08:20:53.373 [Test worker] DEBUG org.springframework.test.annotation.ProfileValueUtils - Retrieved ProfileValueSource type [class org.springframework.test.annotation.SystemProfileValueSource] for class [com.ceiba.Parqueadero.ServicioRestParqueadero.ServicioRestParqueaderoApplicationTests]
08:20:53.399 [Test worker] DEBUG org.springframework.core.env.StandardEnvironment - Adding PropertySource 'systemProperties' with lowest search precedence
08:20:53.399 [Test worker] DEBUG org.springframework.core.env.StandardEnvironment - Adding PropertySource 'systemEnvironment' with lowest search precedence
08:20:53.399 [Test worker] DEBUG org.springframework.core.env.StandardEnvironment - Initialized StandardEnvironment with PropertySources [MapPropertySource@1858135597 {name='systemProperties', properties={java.runtime.name=Java(TM) SE Runtime Environment, sun.boot.library.path=C:\Program Files\Java\jdk1.8.0_151\jre\bin, java.vm.version=25.151-b12, java.vm.vendor=Oracle Corporation, java.vendor.url=http://java.oracle.com/, path.separator=;, java.vm.name=Java HotSpot(TM) 64-Bit Server VM, file.encoding.pkg=sun.io, user.script=, sun.java.launcher=SUN_STANDARD, user.country=US, sun.os.patch.level=, java.vm.specification.name=Java Virtual Machine Specification, user.dir=C:\Users\julio.gomez\Documents\ProyectoParqueadero\ServicioRestParqueadero\ServicioRestParqueadero, java.runtime.version=1.8.0_151-b12, java.awt.graphicsenv=sun.awt.Win32GraphicsEnvironment, java.endorsed.dirs=C:\Program Files\Java\jdk1.8.0_151\jre\lib\endorsed, os.arch=amd64, java.io.tmpdir=C:\Users\JULIO~1.GOM\AppData\Local\Temp\, line.separator=
, java.vm.specification.vendor=Oracle Corporation, user.variant=, os.name=Windows 10, sun.jnu.encoding=Cp1252, java.library.path=C:\Program Files\Java\jdk1.8.0_151\bin;C:\WINDOWS\Sun\Java\bin;C:\WINDOWS\system32;C:\WINDOWS;C:/Program Files/Java/jre1.8.0_151/bin/server;C:/Program Files/Java/jre1.8.0_151/bin;C:/Program Files/Java/jre1.8.0_151/lib/amd64;C:\ProgramData\Oracle\Java\javapath;C:\Program Files (x86)\Intel\iCLS Client\;C:\Program Files\Intel\iCLS Client\;C:\Oracle\product\11.1.0\client_1\bin;C:\Program Files\CollabNet\Subversion Client;C:\WINDOWS\system32;C:\WINDOWS;C:\WINDOWS\System32\Wbem;C:\WINDOWS\System32\WindowsPowerShell\v1.0\;C:\Program Files (x86)\Intel\Intel(R) Management Engine Components\DAL;C:\Program Files\Intel\Intel(R) Management Engine Components\DAL;C:\Program Files (x86)\Intel\Intel(R) Management Engine Components\IPT;C:\Program Files\Intel\Intel(R) Management Engine Components\IPT;C:\Program Files\Git\cmd;C:\Program Files\TortoiseSVN\bin;C:\Program Files\PuTTY\;C:\Users\julio.gomez\AppData\Local\Microsoft\WindowsApps;;C:\Users\julio.gomez\Desktop\eclipse-jee-oxygen-1a-win32-x86_64\eclipse;;., java.specification.name=Java Platform API Specification, java.class.version=52.0, org.gradle.native=false, sun.management.compiler=HotSpot 64-Bit Tiered Compilers, os.version=10.0, user.home=C:\Users\julio.gomez, user.timezone=America/Bogota, java.awt.printerjob=sun.awt.windows.WPrinterJob, file.encoding=windows-1252, java.specification.version=1.8, java.class.path=C:\Users\julio.gomez\Documents\ProyectoParqueadero\ServicioRestParqueadero\ServicioRestParqueadero\build\classes\java\test;C:\Users\julio.gomez\Documents\ProyectoParqueadero\ServicioRestParqueadero\ServicioRestParqueadero\build\resources\test;C:\Users\julio.gomez\Documents\ProyectoParqueadero\ServicioRestParqueadero\ServicioRestParqueadero\build\classes\java\main;C:\Users\julio.gomez\Documents\ProyectoParqueadero\ServicioRestParqueadero\ServicioRestParqueadero\build\resources\main;C:\Users\julio.gomez\.gradle\caches\modules-2\files-2.1\org.springframework.boot\spring-boot-starter-data-jpa\2.0.0.BUILD-SNAPSHOT\8a4072633d31b7f2fbe3f6a10f81d43c41803f98\spring-boot-starter-data-jpa-2.0.0.BUILD-SNAPSHOT.jar;C:\Users\julio.gomez\.gradle\caches\modules-2\files-2.1\org.springframework.boot\spring-boot-starter-web\2.0.0.BUILD-SNAPSHOT\a0bf3be22c946f09bbabc367f8c8722950efa448\spring-boot-starter-web-2.0.0.BUILD-SNAPSHOT.jar;C:\Users\julio.gomez\.gradle\caches\modules-2\files-2.1\com.h2database\h2\1.4.196\dd0034398d593aa3588c6773faac429bbd9aea0e\h2-1.4.196.jar;C:\Users\julio.gomez\.gradle\caches\modules-2\files-2.1\org.springframework.boot\spring-boot-starter-test\2.0.0.BUILD-SNAPSHOT\f0615f03526a8473e68f1e36c63a451502fcf49\spring-boot-starter-test-2.0.0.BUILD-SNAPSHOT.jar;C:\Users\julio.gomez\.gradle\caches\modules-2\files-2.1\org.mockito\mockito-core\2.11.0\f819efbe6ef3f010382cdc1b4d33749e377e1cc4\mockito-core-2.11.0.jar;C:\Users\julio.gomez\.gradle\caches\modules-2\files-2.1\org.springframework.boot\spring-boot-starter-aop\2.0.0.BUILD-SNAPSHOT\aff27d6f6a092f2f613ccbc4657f266e0957e4c9\spring-boot-starter-aop-2.0.0.BUILD-SNAPSHOT.jar;C:\Users\julio.gomez\.gradle\caches\modules-2\files-2.1\org.springframework.boot\spring-boot-starter-jdbc\2.0.0.BUILD-SNAPSHOT\d4c37f4a4cf611b8d19e3512627810bfc7c1cdf8\spring-boot-starter-jdbc-2.0.0.BUILD-SNAPSHOT.jar;C:\Users\julio.gomez\.gradle\caches\modules-2\files-2.1\org.springframework.boot\spring-boot-starter-json\2.0.0.BUILD-SNAPSHOT\2a6ede18a36b6e7b81fbb7b13c1e9060755dcad1\spring-boot-starter-json-2.0.0.BUILD-SNAPSHOT.jar;C:\Users\julio.gomez\.gradle\caches\modules-2\files-2.1\org.springframework.boot\spring-boot-starter\2.0.0.BUILD-SNAPSHOT\2e644bb05b80aea89e53110d1993b2fdbe60abe\spring-boot-starter-2.0.0.BUILD-SNAPSHOT.jar;C:\Users\julio.gomez\.gradle\caches\modules-2\files-2.1\org.hibernate\hibernate-core\5.2.12.Final\ea479b6692e22c9b642dd4142db670e92d106544\hibernate-core-5.2.12.Final.jar;C:\Users\julio.gomez\.gradle\caches\modules-2\files-2.1\javax.transaction\javax.transaction-api\1.2\d81aff979d603edd90dcd8db2abc1f4ce6479e3e\javax.transaction-api-1.2.jar;C:\Users\julio.gomez\.gradle\caches\modules-2\files-2.1\org.springframework.data\spring-data-jpa\2.0.1.BUILD-SNAPSHOT\6d73ba61d9f517862cece0a7d5d8a0da4579b598\spring-data-jpa-2.0.1.BUILD-SNAPSHOT.jar;C:\Users\julio.gomez\.gradle\caches\modules-2\files-2.1\org.springframework\spring-aspects\5.0.1.BUILD-SNAPSHOT\7c91738b26abcc37f237ef9f36aac3db19f691bf\spring-aspects-5.0.1.BUILD-SNAPSHOT.jar;C:\Users\julio.gomez\.gradle\caches\modules-2\files-2.1\org.springframework.boot\spring-boot-starter-tomcat\2.0.0.BUILD-SNAPSHOT\c5309214bba07b0ffcfdc450e49e5258d8536e21\spring-boot-starter-tomcat-2.0.0.BUILD-SNAPSHOT.jar;C:\Users\julio.gomez\.gradle\caches\modules-2\files-2.1\org.hibernate.validator\hibernate-validator\6.0.3.Final\ede992930ceba3ebd17bd3e5ac3e1be5f520cc6c\hibernate-validator-6.0.3.Final.jar;C:\Users\julio.gomez\.gradle\caches\modules-2\files-2.1\org.springframework\spring-webmvc\5.0.1.BUILD-SNAPSHOT\b4beafb0585095253d48bbbb4e4c427d82ed082f\spring-webmvc-5.0.1.BUILD-SNAPSHOT.jar;C:\Users\julio.gomez\.gradle\caches\modules-2\files-2.1\org.springframework\spring-web\5.0.1.BUILD-SNAPSHOT\e659c0b4e27fe8bcdd165e04e943a262a4459978\spring-web-5.0.1.BUILD-SNAPSHOT.jar;C:\Users\julio.gomez\.gradle\caches\modules-2\files-2.1\org.springframework.boot\spring-boot-test-autoconfigure\2.0.0.BUILD-SNAPSHOT\b9cacd11a6558ddc3bf154a8359f37554b9b3186\spring-boot-test-autoconfigure-2.0.0.BUILD-SNAPSHOT.jar;C:\Users\julio.gomez\.gradle\caches\modules-2\files-2.1\org.springframework.boot\spring-boot-test\2.0.0.BUILD-SNAPSHOT\8adc800903a9ae64283d838b1256504c98fe2d48\spring-boot-test-2.0.0.BUILD-SNAPSHOT.jar;C:\Users\julio.gomez\.gradle\caches\modules-2\files-2.1\com.jayway.jsonpath\json-path\2.4.0\765a4401ceb2dc8d40553c2075eb80a8fa35c2ae\json-path-2.4.0.jar;C:\Users\julio.gomez\.gradle\caches\modules-2\files-2.1\junit\junit\4.12\2973d150c0dc1fefe998f834810d68f278ea58ec\junit-4.12.jar;C:\Users\julio.gomez\.gradle\caches\modules-2\files-2.1\org.assertj\assertj-core\3.8.0\b209d90ff2e279bee3e02547ee7b11349c52d0e3\assertj-core-3.8.0.jar;C:\Users\julio.gomez\.gradle\caches\modules-2\files-2.1\org.hamcrest\hamcrest-library\1.3\4785a3c21320980282f9f33d0d1264a69040538f\hamcrest-library-1.3.jar;C:\Users\julio.gomez\.gradle\caches\modules-2\files-2.1\org.hamcrest\hamcrest-core\1.3\42a25dc3219429f0e5d060061f71acb49bf010a0\hamcrest-core-1.3.jar;C:\Users\julio.gomez\.gradle\caches\modules-2\files-2.1\org.skyscreamer\jsonassert\1.5.0\6c9d5fe2f59da598d9aefc1cfc6528ff3cf32df3\jsonassert-1.5.0.jar;C:\Users\julio.gomez\.gradle\caches\modules-2\files-2.1\org.springframework\spring-test\5.0.1.BUILD-SNAPSHOT\e2d76eef263abd166510934d901d70ca390acd62\spring-test-5.0.1.BUILD-SNAPSHOT.jar;C:\Users\julio.gomez\.gradle\caches\modules-2\files-2.1\org.springframework.boot\spring-boot-autoconfigure\2.0.0.BUILD-SNAPSHOT\1bbf28959fb4aade23bfbeb17c949ebaea7f958d\spring-boot-autoconfigure-2.0.0.BUILD-SNAPSHOT.jar;C:\Users\julio.gomez\.gradle\caches\modules-2\files-2.1\org.springframework.boot\spring-boot\2.0.0.BUILD-SNAPSHOT\5345e2c4b4103a79ec8fc8407e1c1de63431c8a9\spring-boot-2.0.0.BUILD-SNAPSHOT.jar;C:\Users\julio.gomez\.gradle\caches\modules-2\files-2.1\org.springframework\spring-context\5.0.1.BUILD-SNAPSHOT\844c8ac4bfed74e6b90314573097b979b8732f98\spring-context-5.0.1.BUILD-SNAPSHOT.jar;C:\Users\julio.gomez\.gradle\caches\modules-2\files-2.1\org.springframework\spring-aop\5.0.1.BUILD-SNAPSHOT\a24646259f1c03801d22fb6dd840779046b8713d\spring-aop-5.0.1.BUILD-SNAPSHOT.jar;C:\Users\julio.gomez\.gradle\caches\modules-2\files-2.1\org.springframework\spring-orm\5.0.1.BUILD-SNAPSHOT\b7dba67bc4db21aa415c1ff9f910cb08669d06f2\spring-orm-5.0.1.BUILD-SNAPSHOT.jar;C:\Users\julio.gomez\.gradle\caches\modules-2\files-2.1\org.springframework\spring-jdbc\5.0.1.BUILD-SNAPSHOT\e6b2715c1286500f91418d3ceb25241e79326ded\spring-jdbc-5.0.1.BUILD-SNAPSHOT.jar;C:\Users\julio.gomez\.gradle\caches\modules-2\files-2.1\org.springframework.data\spring-data-commons\2.0.1.BUILD-SNAPSHOT\3147a238dfe1396deac7c4e8507f46d5a7ff07db\spring-data-commons-2.0.1.BUILD-SNAPSHOT.jar;C:\Users\julio.gomez\.gradle\caches\modules-2\files-2.1\org.springframework\spring-tx\5.0.1.BUILD-SNAPSHOT\2401c962f663c88f869d4383f9a3a07012635a6d\spring-tx-5.0.1.BUILD-SNAPSHOT.jar;C:\Users\julio.gomez\.gradle\caches\modules-2\files-2.1\org.springframework\spring-beans\5.0.1.BUILD-SNAPSHOT\c37d88761f88ed55c6affc0b4cb2d593db2cb5c0\spring-beans-5.0.1.BUILD-SNAPSHOT.jar;C:\Users\julio.gomez\.gradle\caches\modules-2\files-2.1\org.springframework\spring-expression\5.0.1.BUILD-SNAPSHOT\179535309b94911e3cdc7faadc4c38f0a6f2cea4\spring-expression-5.0.1.BUILD-SNAPSHOT.jar;C:\Users\julio.gomez\.gradle\caches\modules-2\files-2.1\org.springframework\spring-core\5.0.1.BUILD-SNAPSHOT\567f2b0a8e490f77124a6eaaf8f739e7ef297060\spring-core-5.0.1.BUILD-SNAPSHOT.jar;C:\Users\julio.gomez\.gradle\caches\modules-2\files-2.1\org.xmlunit\xmlunit-core\2.5.0\7464e446df1051ac5196ffd2c28ee903a1104133\xmlunit-core-2.5.0.jar;C:\Users\julio.gomez\.gradle\caches\modules-2\files-2.1\net.bytebuddy\byte-buddy\1.7.6\f79a6ca612ed13038efedbbba1ead83b8d6fe7ec\byte-buddy-1.7.6.jar;C:\Users\julio.gomez\.gradle\caches\modules-2\files-2.1\net.bytebuddy\byte-buddy-agent\1.7.6\e863f5ab595f480f42d641f22935437e679d4beb\byte-buddy-agent-1.7.6.jar;C:\Users\julio.gomez\.gradle\caches\modules-2\files-2.1\org.objenesis\objenesis\2.6\639033469776fd37c08358c6b92a4761feb2af4b\objenesis-2.6.jar;C:\Users\julio.gomez\.gradle\caches\modules-2\files-2.1\org.springframework.boot\spring-boot-starter-logging\2.0.0.BUILD-SNAPSHOT\47f6f2037f76ad86a81672bbe2b9340ac4744045\spring-boot-starter-logging-2.0.0.BUILD-SNAPSHOT.jar;C:\Users\julio.gomez\.gradle\caches\modules-2\files-2.1\javax.annotation\javax.annotation-api\1.3.1\20a2c0583598d68b0835474bbe07792d4f3b219f\javax.annotation-api-1.3.1.jar;C:\Users\julio.gomez\.gradle\caches\modules-2\files-2.1\org.yaml\snakeyaml\1.19\2d998d3d674b172a588e54ab619854d073f555b5\snakeyaml-1.19.jar;C:\Users\julio.gomez\.gradle\caches\modules-2\files-2.1\org.aspectj\aspectjweaver\1.8.12\87be4d5a1c68004a247a62c011fa63da786965fb\aspectjweaver-1.8.12.jar;C:\Users\julio.gomez\.gradle\caches\modules-2\files-2.1\com.zaxxer\HikariCP\2.7.2\8eadf835d2f74c30b75ffcb2693bb6853b85cf1e\HikariCP-2.7.2.jar;C:\Users\julio.gomez\.gradle\caches\modules-2\files-2.1\org.hibernate.common\hibernate-commons-annotations\5.0.1.Final\71e1cff3fcb20d3b3af4f3363c3ddb24d33c6879\hibernate-commons-annotations-5.0.1.Final.jar;C:\Users\julio.gomez\.gradle\caches\modules-2\files-2.1\org.jboss.logging\jboss-logging\3.3.1.Final\c46217ab74b532568c0ed31dc599db3048bd1b67\jboss-logging-3.3.1.Final.jar;C:\Users\julio.gomez\.gradle\caches\modules-2\files-2.1\org.hibernate.javax.persistence\hibernate-jpa-2.1-api\1.0.0.Final\5e731d961297e5a07290bfaf3db1fbc8bbbf405a\hibernate-jpa-2.1-api-1.0.0.Final.jar;C:\Users\julio.gomez\.gradle\caches\modules-2\files-2.1\org.javassist\javassist\3.22.0-CR2\44eaf0990dea92f4bca4b9931b2239c0e8756ee7\javassist-3.22.0-CR2.jar;C:\Users\julio.gomez\.gradle\caches\modules-2\files-2.1\antlr\antlr\2.7.7\83cd2cd674a217ade95a4bb83a8a14f351f48bd0\antlr-2.7.7.jar;C:\Users\julio.gomez\.gradle\caches\modules-2\files-2.1\org.jboss\jandex\2.0.3.Final\bfc4d6257dbff7a33a357f0de116be6ff951d849\jandex-2.0.3.Final.jar;C:\Users\julio.gomez\.gradle\caches\modules-2\files-2.1\com.fasterxml\classmate\1.3.4\3d5f48f10bbe4eb7bd862f10c0583be2e0053c6\classmate-1.3.4.jar;C:\Users\julio.gomez\.gradle\caches\modules-2\files-2.1\dom4j\dom4j\1.6.1\5d3ccc056b6f056dbf0dddfdf43894b9065a8f94\dom4j-1.6.1.jar;C:\Users\julio.gomez\.gradle\caches\modules-2\files-2.1\ch.qos.logback\logback-classic\1.2.3\7c4f3c474fb2c041d8028740440937705ebb473a\logback-classic-1.2.3.jar;C:\Users\julio.gomez\.gradle\caches\modules-2\files-2.1\org.slf4j\jul-to-slf4j\1.7.25\af5364cd6679bfffb114f0dec8a157aaa283b76\jul-to-slf4j-1.7.25.jar;C:\Users\julio.gomez\.gradle\caches\modules-2\files-2.1\org.slf4j\log4j-over-slf4j\1.7.25\a87bb47468f47ee7aabbd54f93e133d4215769c3\log4j-over-slf4j-1.7.25.jar;C:\Users\julio.gomez\.gradle\caches\modules-2\files-2.1\org.slf4j\slf4j-api\1.7.25\da76ca59f6a57ee3102f8f9bd9cee742973efa8a\slf4j-api-1.7.25.jar;C:\Users\julio.gomez\.gradle\caches\modules-2\files-2.1\com.fasterxml.jackson.datatype\jackson-datatype-jdk8\2.9.2\9b0b7c623262e29c73e8f6a78f6150372d2066f8\jackson-datatype-jdk8-2.9.2.jar;C:\Users\julio.gomez\.gradle\caches\modules-2\files-2.1\com.fasterxml.jackson.datatype\jackson-datatype-jsr310\2.9.2\e1653d338703d8233cc1ac18c6722510bdaceb4f\jackson-datatype-jsr310-2.9.2.jar;C:\Users\julio.gomez\.gradle\caches\modules-2\files-2.1\com.fasterxml.jackson.module\jackson-module-parameter-names\2.9.2\be78ca220839b2c53ebd33fd4d580b5a0cacdd5a\jackson-module-parameter-names-2.9.2.jar;C:\Users\julio.gomez\.gradle\caches\modules-2\files-2.1\com.fasterxml.jackson.module\jackson-module-kotlin\2.9.2\a9cf72ae68a641ade45c400b6cec2d363818f11b\jackson-module-kotlin-2.9.2.jar;C:\Users\julio.gomez\.gradle\caches\modules-2\files-2.1\com.fasterxml.jackson.core\jackson-databind\2.9.2\1d8d8cb7cf26920ba57fb61fa56da88cc123b21f\jackson-databind-2.9.2.jar;C:\Users\julio.gomez\.gradle\caches\modules-2\files-2.1\org.apache.tomcat.embed\tomcat-embed-websocket\8.5.23\52f07abcae10dc7e1764304b0877def175c2c833\tomcat-embed-websocket-8.5.23.jar;C:\Users\julio.gomez\.gradle\caches\modules-2\files-2.1\org.apache.tomcat.embed\tomcat-embed-core\8.5.23\79261793a47f507890ee08f749b9d81774e4f7f0\tomcat-embed-core-8.5.23.jar;C:\Users\julio.gomez\.gradle\caches\modules-2\files-2.1\org.apache.tomcat.embed\tomcat-embed-el\8.5.23\98d979cde444dffa6d434c8377d0123b2dfa614c\tomcat-embed-el-8.5.23.jar;C:\Users\julio.gomez\.gradle\caches\modules-2\files-2.1\javax.validation\validation-api\2.0.0.Final\4a7ff48084bd336c4de1f79f027f6f77badf399e\validation-api-2.0.0.Final.jar;C:\Users\julio.gomez\.gradle\caches\modules-2\files-2.1\net.minidev\json-smart\2.3\7396407491352ce4fa30de92efb158adb76b5b\json-smart-2.3.jar;C:\Users\julio.gomez\.gradle\caches\modules-2\files-2.1\com.vaadin.external.google\android-json\0.0.20131108.vaadin1\fa26d351fe62a6a17f5cda1287c1c6110dec413f\android-json-0.0.20131108.vaadin1.jar;C:\Users\julio.gomez\.gradle\caches\modules-2\files-2.1\org.springframework\spring-jcl\5.0.1.BUILD-SNAPSHOT\718eb8772c6d7687c14d7b0030e752226b94dbe2\spring-jcl-5.0.1.BUILD-SNAPSHOT.jar;C:\Users\julio.gomez\.gradle\caches\modules-2\files-2.1\com.fasterxml.jackson.core\jackson-annotations\2.9.0\7c10d545325e3a6e72e06381afe469fd40eb701\jackson-annotations-2.9.0.jar;C:\Users\julio.gomez\.gradle\caches\modules-2\files-2.1\com.fasterxml.jackson.core\jackson-core\2.9.2\aed20e50152a2f19adc1995c8d8f307c7efa414d\jackson-core-2.9.2.jar;C:\Users\julio.gomez\.gradle\caches\modules-2\files-2.1\org.apache.tomcat\tomcat-annotations-api\8.5.23\aaf17df9fe0240e9e9d5375d24d5f177174b73d9\tomcat-annotations-api-8.5.23.jar;C:\Users\julio.gomez\.gradle\caches\modules-2\files-2.1\net.minidev\accessors-smart\1.2\c592b500269bfde36096641b01238a8350f8aa31\accessors-smart-1.2.jar;C:\Users\julio.gomez\.gradle\caches\modules-2\files-2.1\ch.qos.logback\logback-core\1.2.3\864344400c3d4d92dfeb0a305dc87d953677c03c\logback-core-1.2.3.jar;C:\Users\julio.gomez\.gradle\caches\modules-2\files-2.1\org.ow2.asm\asm\5.0.4\da08b8cce7bbf903602a25a3a163ae252435795\asm-5.0.4.jar, user.name=julio.gomez, java.vm.specification.version=1.8, sun.java.command=worker.org.gradle.process.internal.worker.GradleWorkerMain 'Gradle Test Executor 1', java.home=C:\Program Files\Java\jdk1.8.0_151\jre, sun.arch.data.model=64, user.language=en, java.specification.vendor=Oracle Corporation, awt.toolkit=sun.awt.windows.WToolkit, java.vm.info=mixed mode, java.version=1.8.0_151, java.ext.dirs=C:\Program Files\Java\jdk1.8.0_151\jre\lib\ext;C:\WINDOWS\Sun\Java\lib\ext, property=value, sun.boot.class.path=C:\Program Files\Java\jdk1.8.0_151\jre\lib\resources.jar;C:\Program Files\Java\jdk1.8.0_151\jre\lib\rt.jar;C:\Program Files\Java\jdk1.8.0_151\jre\lib\sunrsasign.jar;C:\Program Files\Java\jdk1.8.0_151\jre\lib\jsse.jar;C:\Program Files\Java\jdk1.8.0_151\jre\lib\jce.jar;C:\Program Files\Java\jdk1.8.0_151\jre\lib\charsets.jar;C:\Program Files\Java\jdk1.8.0_151\jre\lib\jfr.jar;C:\Program Files\Java\jdk1.8.0_151\jre\classes, java.vendor=Oracle Corporation, org.gradle.test.worker=1, file.separator=\, java.vendor.url.bug=http://bugreport.sun.com/bugreport/, sun.io.unicode.encoding=UnicodeLittle, sun.cpu.endian=little, sun.desktop=windows, sun.cpu.isalist=amd64}}, SystemEnvironmentPropertySource@1742018131 {name='systemEnvironment', properties={USERDOMAIN_ROAMINGPROFILE=CEIBA, LOCALAPPDATA=C:\Users\julio.gomez\AppData\Local, PROCESSOR_LEVEL=6, USERDOMAIN=CEIBA, FPS_BROWSER_APP_PROFILE_STRING=Internet Explorer, LOGONSERVER=\\ARES, JAVA_HOME=C:\Program Files\Java\jdk1.8.0_151, SESSIONNAME=Console, ALLUSERSPROFILE=C:\ProgramData, PROCESSOR_ARCHITECTURE=AMD64, PSModulePath=C:\Program Files\WindowsPowerShell\Modules;C:\WINDOWS\system32\WindowsPowerShell\v1.0\Modules, SystemDrive=C:, JRE_HOME=C:\Program Files\Java\jdk1.8.0_151\jre, OneDrive=C:\Users\julio.gomez\OneDrive, APPDATA=C:\Users\julio.gomez\AppData\Roaming, USERNAME=julio.gomez, JDK_HOME=C:\Program Files\Java\jdk1.8.0_151, USERDNSDOMAIN=CEIBA.LOCAL, ProgramFiles(x86)=C:\Program Files (x86), CommonProgramFiles=C:\Program Files\Common Files, Path=C:/Program Files/Java/jre1.8.0_151/bin/server;C:/Program Files/Java/jre1.8.0_151/bin;C:/Program Files/Java/jre1.8.0_151/lib/amd64;C:\ProgramData\Oracle\Java\javapath;C:\Program Files (x86)\Intel\iCLS Client\;C:\Program Files\Intel\iCLS Client\;C:\Oracle\product\11.1.0\client_1\bin;C:\Program Files\CollabNet\Subversion Client;C:\WINDOWS\system32;C:\WINDOWS;C:\WINDOWS\System32\Wbem;C:\WINDOWS\System32\WindowsPowerShell\v1.0\;C:\Program Files (x86)\Intel\Intel(R) Management Engine Components\DAL;C:\Program Files\Intel\Intel(R) Management Engine Components\DAL;C:\Program Files (x86)\Intel\Intel(R) Management Engine Components\IPT;C:\Program Files\Intel\Intel(R) Management Engine Components\IPT;C:\Program Files\Git\cmd;C:\Program Files\TortoiseSVN\bin;C:\Program Files\PuTTY\;C:\Users\julio.gomez\AppData\Local\Microsoft\WindowsApps;;C:\Users\julio.gomez\Desktop\eclipse-jee-oxygen-1a-win32-x86_64\eclipse;, FPS_BROWSER_USER_PROFILE_STRING=Default, PATHEXT=.COM;.EXE;.BAT;.CMD;.VBS;.VBE;.JS;.JSE;.WSF;.WSH;.MSC, OS=Windows_NT, COMPUTERNAME=JULIO-GOMEZ, PROCESSOR_REVISION=3a09, CLASSPATH=.;C:\Program Files\Java\jdk1.8.0_151\lib;C:\Program Files\Java\jdk1.8.0_151\jre\lib, CommonProgramW6432=C:\Program Files\Common Files, ComSpec=C:\WINDOWS\system32\cmd.exe, ProgramData=C:\ProgramData, ProgramW6432=C:\Program Files, HOMEPATH=\Users\julio.gomez, SystemRoot=C:\WINDOWS, TEMP=C:\Users\JULIO~1.GOM\AppData\Local\Temp, HOMEDRIVE=C:, PROCESSOR_IDENTIFIER=Intel64 Family 6 Model 58 Stepping 9, GenuineIntel, USERPROFILE=C:\Users\julio.gomez, TMP=C:\Users\JULIO~1.GOM\AppData\Local\Temp, CommonProgramFiles(x86)=C:\Program Files (x86)\Common Files, ProgramFiles=C:\Program Files, PUBLIC=C:\Users\Public, NUMBER_OF_PROCESSORS=8, windir=C:\WINDOWS, =::=::\}}]
08:20:53.409 [Test worker] DEBUG org.springframework.test.context.support.TestPropertySourceUtils - Adding inlined properties to environment: {spring.jmx.enabled=false, org.springframework.boot.test.context.SpringBootTestContextBootstrapper=true, server.port=-1}
08:20:53.409 [Test worker] DEBUG org.springframework.core.env.StandardEnvironment - Adding PropertySource 'Inlined Test Properties' with highest search precedence

  .   ____          _            __ _ _
 /\\ / ___'_ __ _ _(_)_ __  __ _ \ \ \ \
( ( )\___ | '_ | '_| | '_ \/ _` | \ \ \ \
 \\/  ___)| |_)| | | | | || (_| |  ) ) ) )
  '  |____| .__|_| |_|_| |_\__, | / / / /
 =========|_|==============|___/=/_/_/_/
 :: Spring Boot ::  (v2.0.0.BUILD-SNAPSHOT)

2017-10-24 08:20:53.744  INFO 9464 --- [    Test worker] .ServicioRestParqueaderoApplicationTests : Starting ServicioRestParqueaderoApplicationTests on JULIO-GOMEZ with PID 9464 (started by julio.gomez in C:\Users\julio.gomez\Documents\ProyectoParqueadero\ServicioRestParqueadero\ServicioRestParqueadero)
2017-10-24 08:20:53.746  INFO 9464 --- [    Test worker] .ServicioRestParqueaderoApplicationTests : No active profile set, falling back to default profiles: default
2017-10-24 08:20:53.825  INFO 9464 --- [    Test worker] o.s.w.c.s.GenericWebApplicationContext   : Refreshing org.springframework.web.context.support.GenericWebApplicationContext@62a065e3: startup date [Tue Oct 24 08:20:53 COT 2017]; root of context hierarchy
2017-10-24 08:20:56.233  INFO 9464 --- [    Test worker] com.zaxxer.hikari.HikariDataSource       : testdb - Starting...
2017-10-24 08:20:56.556  INFO 9464 --- [    Test worker] com.zaxxer.hikari.HikariDataSource       : testdb - Start completed.
2017-10-24 08:20:56.639  INFO 9464 --- [    Test worker] j.LocalContainerEntityManagerFactoryBean : Building JPA container EntityManagerFactory for persistence unit 'default'
2017-10-24 08:20:56.668  INFO 9464 --- [    Test worker] o.hibernate.jpa.internal.util.LogHelper  : HHH000204: Processing PersistenceUnitInfo [
	name: default
	...]
2017-10-24 08:20:56.789  INFO 9464 --- [    Test worker] org.hibernate.Version                    : HHH000412: Hibernate Core {5.2.12.Final}
2017-10-24 08:20:56.791  INFO 9464 --- [    Test worker] org.hibernate.cfg.Environment            : HHH000206: hibernate.properties not found
2017-10-24 08:20:56.859  INFO 9464 --- [    Test worker] o.hibernate.annotations.common.Version   : HCANN000001: Hibernate Commons Annotations {5.0.1.Final}
2017-10-24 08:20:57.071  INFO 9464 --- [    Test worker] org.hibernate.dialect.Dialect            : HHH000400: Using dialect: org.hibernate.dialect.H2Dialect
2017-10-24 08:20:57.479  INFO 9464 --- [    Test worker] o.h.t.schema.internal.SchemaCreatorImpl  : HHH000476: Executing import script 'org.hibernate.tool.schema.internal.exec.ScriptSourceInputNonExistentImpl@41e317bd'
2017-10-24 08:20:57.483  INFO 9464 --- [    Test worker] j.LocalContainerEntityManagerFactoryBean : Initialized JPA EntityManagerFactory for persistence unit 'default'
2017-10-24 08:20:58.331  INFO 9464 --- [    Test worker] s.w.s.m.m.a.RequestMappingHandlerAdapter : Looking for @ControllerAdvice: org.springframework.web.context.support.GenericWebApplicationContext@62a065e3: startup date [Tue Oct 24 08:20:53 COT 2017]; root of context hierarchy
2017-10-24 08:20:58.473  INFO 9464 --- [    Test worker] s.w.s.m.m.a.RequestMappingHandlerMapping : Mapped "{[/personas],methods=[GET]}" onto public java.util.List<com.ceiba.Parqueadero.dominio.Persona> com.ceiba.Parqueadero.servicio.PersonasServicio.obtenerPersonas()
2017-10-24 08:20:58.475  INFO 9464 --- [    Test worker] s.w.s.m.m.a.RequestMappingHandlerMapping : Mapped "{[/home]}" onto public java.lang.String com.ceiba.Parqueadero.servicio.PersonasServicio.greeting(java.lang.String,org.springframework.ui.Model)
2017-10-24 08:20:58.480  INFO 9464 --- [    Test worker] s.w.s.m.m.a.RequestMappingHandlerMapping : Mapped "{[/error]}" onto public org.springframework.http.ResponseEntity<java.util.Map<java.lang.String, java.lang.Object>> org.springframework.boot.autoconfigure.web.servlet.error.BasicErrorController.error(javax.servlet.http.HttpServletRequest)
2017-10-24 08:20:58.481  INFO 9464 --- [    Test worker] s.w.s.m.m.a.RequestMappingHandlerMapping : Mapped "{[/error],produces=[text/html]}" onto public org.springframework.web.servlet.ModelAndView org.springframework.boot.autoconfigure.web.servlet.error.BasicErrorController.errorHtml(javax.servlet.http.HttpServletRequest,javax.servlet.http.HttpServletResponse)
2017-10-24 08:20:58.538  INFO 9464 --- [    Test worker] o.s.w.s.handler.SimpleUrlHandlerMapping  : Mapped URL path [/webjars/**] onto handler of type [class org.springframework.web.servlet.resource.ResourceHttpRequestHandler]
2017-10-24 08:20:58.538  INFO 9464 --- [    Test worker] o.s.w.s.handler.SimpleUrlHandlerMapping  : Mapped URL path [/**] onto handler of type [class org.springframework.web.servlet.resource.ResourceHttpRequestHandler]
2017-10-24 08:20:58.611  INFO 9464 --- [    Test worker] o.s.w.s.handler.SimpleUrlHandlerMapping  : Mapped URL path [/**/favicon.ico] onto handler of type [class org.springframework.web.servlet.resource.ResourceHttpRequestHandler]
2017-10-24 08:20:59.054  INFO 9464 --- [    Test worker] .ServicioRestParqueaderoApplicationTests : Started ServicioRestParqueaderoApplicationTests in 5.629 seconds (JVM running for 7.875)
]]></system-out>
  <system-err><![CDATA[]]></system-err>
</testsuite>
