<?xml version="1.0" encoding="UTF-8"?>
<testsuite name="com.ceiba.Parqueadero.ServicioRestParqueadero.ServicioRestParqueaderoApplicationTests" tests="1" skipped="0" failures="0" errors="0" timestamp="2017-10-31T15:06:20" hostname="JULIO-GOMEZ" time="0.003">
  <properties/>
  <testcase name="contextLoads" classname="com.ceiba.Parqueadero.ServicioRestParqueadero.ServicioRestParqueaderoApplicationTests" time="0.003"/>
  <system-out><![CDATA[2017-10-31 10:06:18.400  INFO 6788 --- [    Test worker] .b.t.c.SpringBootTestContextBootstrapper : Neither @ContextConfiguration nor @ContextHierarchy found for test class [com.ceiba.Parqueadero.ServicioRestParqueadero.ServicioRestParqueaderoApplicationTests], using SpringBootContextLoader
2017-10-31 10:06:18.401  INFO 6788 --- [    Test worker] o.s.t.c.support.AbstractContextLoader    : Could not detect default resource locations for test class [com.ceiba.Parqueadero.ServicioRestParqueadero.ServicioRestParqueaderoApplicationTests]: no resource found for suffixes {-context.xml, Context.groovy}.
2017-10-31 10:06:18.403  INFO 6788 --- [    Test worker] t.c.s.AnnotationConfigContextLoaderUtils : Could not detect default configuration classes for test class [com.ceiba.Parqueadero.ServicioRestParqueadero.ServicioRestParqueaderoApplicationTests]: ServicioRestParqueaderoApplicationTests does not declare any static, non-private, non-final, nested classes annotated with @Configuration.
2017-10-31 10:06:18.416  INFO 6788 --- [    Test worker] .b.t.c.SpringBootTestContextBootstrapper : Found @SpringBootConfiguration com.ceiba.Parqueadero.ServicioRestParqueadero.ServicioRestParqueaderoApplication for test class com.ceiba.Parqueadero.ServicioRestParqueadero.ServicioRestParqueaderoApplicationTests
2017-10-31 10:06:18.420  INFO 6788 --- [    Test worker] .b.t.c.SpringBootTestContextBootstrapper : Loaded default TestExecutionListener class names from location [META-INF/spring.factories]: [org.springframework.test.context.web.ServletTestExecutionListener, org.springframework.test.context.support.DirtiesContextBeforeModesTestExecutionListener, org.springframework.test.context.support.DependencyInjectionTestExecutionListener, org.springframework.test.context.support.DirtiesContextTestExecutionListener, org.springframework.test.context.transaction.TransactionalTestExecutionListener, org.springframework.test.context.jdbc.SqlScriptsTestExecutionListener, org.springframework.boot.test.autoconfigure.restdocs.RestDocsTestExecutionListener, org.springframework.boot.test.autoconfigure.web.client.MockRestServiceServerResetTestExecutionListener, org.springframework.boot.test.autoconfigure.web.servlet.MockMvcPrintOnlyOnFailureTestExecutionListener, org.springframework.boot.test.autoconfigure.web.servlet.WebDriverTestExecutionListener, org.springframework.boot.test.mock.mockito.MockitoTestExecutionListener, org.springframework.boot.test.mock.mockito.ResetMocksTestExecutionListener]
2017-10-31 10:06:18.421  INFO 6788 --- [    Test worker] .b.t.c.SpringBootTestContextBootstrapper : Using TestExecutionListeners: [org.springframework.test.context.web.ServletTestExecutionListener@7b7da452, org.springframework.test.context.support.DirtiesContextBeforeModesTestExecutionListener@19597be3, org.springframework.boot.test.autoconfigure.SpringBootDependencyInjectionTestExecutionListener@3844e29e, org.springframework.test.context.support.DirtiesContextTestExecutionListener@2318a2f2, org.springframework.test.context.transaction.TransactionalTestExecutionListener@3551ddf7, org.springframework.test.context.jdbc.SqlScriptsTestExecutionListener@67852edd, org.springframework.boot.test.autoconfigure.web.servlet.WebDriverTestExecutionListener@78ca70a1, org.springframework.boot.test.autoconfigure.restdocs.RestDocsTestExecutionListener@1ea35278, org.springframework.boot.test.autoconfigure.web.client.MockRestServiceServerResetTestExecutionListener@25269a3e, org.springframework.boot.test.autoconfigure.web.servlet.MockMvcPrintOnlyOnFailureTestExecutionListener@6b1bbb81, org.springframework.boot.test.mock.mockito.ResetMocksTestExecutionListener@40ff813b, org.springframework.boot.test.mock.mockito.MockitoTestExecutionListener@444b3bce]

  .   ____          _            __ _ _
 /\\ / ___'_ __ _ _(_)_ __  __ _ \ \ \ \
( ( )\___ | '_ | '_| | '_ \/ _` | \ \ \ \
 \\/  ___)| |_)| | | | | || (_| |  ) ) ) )
  '  |____| .__|_| |_|_| |_\__, | / / / /
 =========|_|==============|___/=/_/_/_/
 :: Spring Boot ::  (v2.0.0.BUILD-SNAPSHOT)

2017-10-31 10:06:18.461  INFO 6788 --- [    Test worker] .ServicioRestParqueaderoApplicationTests : Starting ServicioRestParqueaderoApplicationTests on JULIO-GOMEZ with PID 6788 (started by julio.gomez in C:\Users\julio.gomez\Documents\ProyectoParqueadero\ServicioRestParqueadero\ServicioRestParqueadero)
2017-10-31 10:06:18.462  INFO 6788 --- [    Test worker] .ServicioRestParqueaderoApplicationTests : No active profile set, falling back to default profiles: default
2017-10-31 10:06:18.465  INFO 6788 --- [    Test worker] o.s.w.c.s.GenericWebApplicationContext   : Refreshing org.springframework.web.context.support.GenericWebApplicationContext@6eb423fe: startup date [Tue Oct 31 10:06:18 COT 2017]; root of context hierarchy
2017-10-31 10:06:19.226  INFO 6788 --- [    Test worker] j.LocalContainerEntityManagerFactoryBean : Building JPA container EntityManagerFactory for persistence unit 'default'
2017-10-31 10:06:19.226  INFO 6788 --- [    Test worker] o.hibernate.jpa.internal.util.LogHelper  : HHH000204: Processing PersistenceUnitInfo [
	name: default
	...]
2017-10-31 10:06:19.243  INFO 6788 --- [    Test worker] org.hibernate.dialect.Dialect            : HHH000400: Using dialect: org.hibernate.dialect.H2Dialect
Hibernate: alter table detalle_factura_actividades drop constraint if exists UK_t80x4dj0v0bp0conknsgefeib
Hibernate: alter table detalle_factura_actividades add constraint UK_t80x4dj0v0bp0conknsgefeib unique (actividades_id)
2017-10-31 10:06:19.398  INFO 6788 --- [    Test worker] o.h.h.i.QueryTranslatorFactoryInitiator  : HHH000397: Using ASTQueryTranslatorFactory
2017-10-31 10:06:19.403  INFO 6788 --- [    Test worker] j.LocalContainerEntityManagerFactoryBean : Initialized JPA EntityManagerFactory for persistence unit 'default'
2017-10-31 10:06:19.428  INFO 6788 --- [    Test worker] o.s.jdbc.datasource.init.ScriptUtils     : Executing SQL script from URL [file:/C:/Users/julio.gomez/Documents/ProyectoParqueadero/ServicioRestParqueadero/ServicioRestParqueadero/build/resources/main/data.sql]
2017-10-31 10:06:19.428  INFO 6788 --- [    Test worker] o.s.jdbc.datasource.init.ScriptUtils     : Executed SQL script from URL [file:/C:/Users/julio.gomez/Documents/ProyectoParqueadero/ServicioRestParqueadero/ServicioRestParqueadero/build/resources/main/data.sql] in 0 ms.
2017-10-31 10:06:19.892  INFO 6788 --- [    Test worker] s.w.s.m.m.a.RequestMappingHandlerAdapter : Looking for @ControllerAdvice: org.springframework.web.context.support.GenericWebApplicationContext@6eb423fe: startup date [Tue Oct 31 10:06:18 COT 2017]; root of context hierarchy
2017-10-31 10:06:19.900  WARN 6788 --- [    Test worker] aWebConfiguration$JpaWebMvcConfiguration : spring.jpa.open-in-view is enabled by default. Therefore, database queries may be performed during view rendering. Explicitly configure spring.jpa.open-in-view to disable this warning
2017-10-31 10:06:19.937  INFO 6788 --- [    Test worker] s.w.s.m.m.a.RequestMappingHandlerMapping : Mapped "{[/Actividad],methods=[GET]}" onto public java.util.List<com.ceiba.Parqueadero.entidad.Actividad> com.ceiba.Parqueadero.controller.VehiculoController.obtenerActividades()
2017-10-31 10:06:19.938  INFO 6788 --- [    Test worker] s.w.s.m.m.a.RequestMappingHandlerMapping : Mapped "{[/ingresar],methods=[GET]}" onto public java.lang.String com.ceiba.Parqueadero.controller.VehiculoController.obtenerPersonas() throws java.text.ParseException
2017-10-31 10:06:19.938  INFO 6788 --- [    Test worker] s.w.s.m.m.a.RequestMappingHandlerMapping : Mapped "{[/parqueadero/vehiculos],methods=[GET]}" onto public java.util.stream.Stream<com.ceiba.Parqueadero.entidad.Actividad> com.ceiba.Parqueadero.controller.VehiculoController.obtenerVehiculos()
2017-10-31 10:06:19.938  INFO 6788 --- [    Test worker] s.w.s.m.m.a.RequestMappingHandlerMapping : Mapped "{[/Salida],methods=[POST]}" onto public java.lang.String com.ceiba.Parqueadero.controller.VehiculoController.registrarSalida(com.ceiba.Parqueadero.entidad.Vehiculo)
2017-10-31 10:06:19.939  INFO 6788 --- [    Test worker] s.w.s.m.m.a.RequestMappingHandlerMapping : Mapped "{[/factura],methods=[POST]}" onto public org.springframework.http.ResponseEntity<com.ceiba.Parqueadero.entidad.DetalleFactura> com.ceiba.Parqueadero.controller.VehiculoController.facturaGuardar(com.ceiba.Parqueadero.entidad.Vehiculo)
2017-10-31 10:06:19.939  INFO 6788 --- [    Test worker] s.w.s.m.m.a.RequestMappingHandlerMapping : Mapped "{[/Grabar],methods=[GET]}" onto public java.lang.String com.ceiba.Parqueadero.controller.VehiculoController.grabarVehiculo()
2017-10-31 10:06:19.939  INFO 6788 --- [    Test worker] s.w.s.m.m.a.RequestMappingHandlerMapping : Mapped "{[/pruebas],methods=[GET]}" onto public int com.ceiba.Parqueadero.controller.VehiculoController.utilidades()
2017-10-31 10:06:19.939  INFO 6788 --- [    Test worker] s.w.s.m.m.a.RequestMappingHandlerMapping : Mapped "{[/persistVehiculo],methods=[POST]}" onto public org.springframework.http.ResponseEntity<com.ceiba.Parqueadero.entidad.Vehiculo> com.ceiba.Parqueadero.controller.VehiculoController.persistPerson(com.ceiba.Parqueadero.entidad.Vehiculo)
2017-10-31 10:06:19.940  INFO 6788 --- [    Test worker] s.w.s.m.m.a.RequestMappingHandlerMapping : Mapped "{[/pruebaPost],methods=[POST]}" onto public java.lang.String com.ceiba.Parqueadero.controller.VehiculoController.persistVehiculo(com.ceiba.Parqueadero.entidad.Vehiculo)
2017-10-31 10:06:19.942  INFO 6788 --- [    Test worker] s.w.s.m.m.a.RequestMappingHandlerMapping : Mapped "{[/error]}" onto public org.springframework.http.ResponseEntity<java.util.Map<java.lang.String, java.lang.Object>> org.springframework.boot.autoconfigure.web.servlet.error.BasicErrorController.error(javax.servlet.http.HttpServletRequest)
2017-10-31 10:06:19.942  INFO 6788 --- [    Test worker] s.w.s.m.m.a.RequestMappingHandlerMapping : Mapped "{[/error],produces=[text/html]}" onto public org.springframework.web.servlet.ModelAndView org.springframework.boot.autoconfigure.web.servlet.error.BasicErrorController.errorHtml(javax.servlet.http.HttpServletRequest,javax.servlet.http.HttpServletResponse)
2017-10-31 10:06:19.982  INFO 6788 --- [    Test worker] o.s.w.s.handler.SimpleUrlHandlerMapping  : Mapped URL path [/webjars/**] onto handler of type [class org.springframework.web.servlet.resource.ResourceHttpRequestHandler]
2017-10-31 10:06:19.982  INFO 6788 --- [    Test worker] o.s.w.s.handler.SimpleUrlHandlerMapping  : Mapped URL path [/**] onto handler of type [class org.springframework.web.servlet.resource.ResourceHttpRequestHandler]
2017-10-31 10:06:20.025  INFO 6788 --- [    Test worker] o.s.w.s.handler.SimpleUrlHandlerMapping  : Mapped URL path [/**/favicon.ico] onto handler of type [class org.springframework.web.servlet.resource.ResourceHttpRequestHandler]
2017-10-31 10:06:20.342  INFO 6788 --- [    Test worker] .ServicioRestParqueaderoApplicationTests : Started ServicioRestParqueaderoApplicationTests in 1.917 seconds (JVM running for 11.731)
]]></system-out>
  <system-err><![CDATA[]]></system-err>
</testsuite>
