<?xml version="1.0" encoding="UTF-8"?>
<testsuite name="com.ceiba.Parqueadero.servicio.VehiculoServicioTest" tests="4" skipped="0" failures="1" errors="0" timestamp="2017-10-31T15:06:18" hostname="JULIO-GOMEZ" time="0.057">
  <properties/>
  <testcase name="obtenerDias" classname="com.ceiba.Parqueadero.servicio.VehiculoServicioTest" time="0.044">
    <failure message="java.lang.IllegalArgumentException" type="java.lang.IllegalArgumentException">java.lang.IllegalArgumentException
	at java.util.Date.parse(Date.java:617)
	at java.util.Date.&lt;init&gt;(Date.java:274)
	at com.ceiba.Parqueadero.servicio.VehiculoServicioTest.obtenerDias(VehiculoServicioTest.java:64)
	at sun.reflect.NativeMethodAccessorImpl.invoke0(Native Method)
	at sun.reflect.NativeMethodAccessorImpl.invoke(NativeMethodAccessorImpl.java:62)
	at sun.reflect.DelegatingMethodAccessorImpl.invoke(DelegatingMethodAccessorImpl.java:43)
	at java.lang.reflect.Method.invoke(Method.java:498)
	at org.junit.runners.model.FrameworkMethod$1.runReflectiveCall(FrameworkMethod.java:50)
	at org.junit.internal.runners.model.ReflectiveCallable.run(ReflectiveCallable.java:12)
	at org.junit.runners.model.FrameworkMethod.invokeExplosively(FrameworkMethod.java:47)
	at org.junit.internal.runners.statements.InvokeMethod.evaluate(InvokeMethod.java:17)
	at org.springframework.test.context.junit4.statements.RunBeforeTestExecutionCallbacks.evaluate(RunBeforeTestExecutionCallbacks.java:73)
	at org.springframework.test.context.junit4.statements.RunAfterTestExecutionCallbacks.evaluate(RunAfterTestExecutionCallbacks.java:83)
	at org.junit.internal.runners.statements.RunBefores.evaluate(RunBefores.java:26)
	at org.springframework.test.context.junit4.statements.RunBeforeTestMethodCallbacks.evaluate(RunBeforeTestMethodCallbacks.java:75)
	at org.springframework.test.context.junit4.statements.RunAfterTestMethodCallbacks.evaluate(RunAfterTestMethodCallbacks.java:86)
	at org.springframework.test.context.junit4.statements.SpringRepeat.evaluate(SpringRepeat.java:84)
	at org.junit.runners.ParentRunner.runLeaf(ParentRunner.java:325)
	at org.springframework.test.context.junit4.SpringJUnit4ClassRunner.runChild(SpringJUnit4ClassRunner.java:251)
	at org.springframework.test.context.junit4.SpringJUnit4ClassRunner.runChild(SpringJUnit4ClassRunner.java:97)
	at org.junit.runners.ParentRunner$3.run(ParentRunner.java:290)
	at org.junit.runners.ParentRunner$1.schedule(ParentRunner.java:71)
	at org.junit.runners.ParentRunner.runChildren(ParentRunner.java:288)
	at org.junit.runners.ParentRunner.access$000(ParentRunner.java:58)
	at org.junit.runners.ParentRunner$2.evaluate(ParentRunner.java:268)
	at org.springframework.test.context.junit4.statements.RunBeforeTestClassCallbacks.evaluate(RunBeforeTestClassCallbacks.java:61)
	at org.springframework.test.context.junit4.statements.RunAfterTestClassCallbacks.evaluate(RunAfterTestClassCallbacks.java:70)
	at org.junit.runners.ParentRunner.run(ParentRunner.java:363)
	at org.springframework.test.context.junit4.SpringJUnit4ClassRunner.run(SpringJUnit4ClassRunner.java:190)
	at org.gradle.api.internal.tasks.testing.junit.JUnitTestClassExecuter.runTestClass(JUnitTestClassExecuter.java:114)
	at org.gradle.api.internal.tasks.testing.junit.JUnitTestClassExecuter.execute(JUnitTestClassExecuter.java:57)
	at org.gradle.api.internal.tasks.testing.junit.JUnitTestClassProcessor.processTestClass(JUnitTestClassProcessor.java:66)
	at org.gradle.api.internal.tasks.testing.SuiteTestClassProcessor.processTestClass(SuiteTestClassProcessor.java:51)
	at sun.reflect.NativeMethodAccessorImpl.invoke0(Native Method)
	at sun.reflect.NativeMethodAccessorImpl.invoke(NativeMethodAccessorImpl.java:62)
	at sun.reflect.DelegatingMethodAccessorImpl.invoke(DelegatingMethodAccessorImpl.java:43)
	at java.lang.reflect.Method.invoke(Method.java:498)
	at org.gradle.internal.dispatch.ReflectionDispatch.dispatch(ReflectionDispatch.java:35)
	at org.gradle.internal.dispatch.ReflectionDispatch.dispatch(ReflectionDispatch.java:24)
	at org.gradle.internal.dispatch.ContextClassLoaderDispatch.dispatch(ContextClassLoaderDispatch.java:32)
	at org.gradle.internal.dispatch.ProxyDispatchAdapter$DispatchingInvocationHandler.invoke(ProxyDispatchAdapter.java:93)
	at com.sun.proxy.$Proxy1.processTestClass(Unknown Source)
	at org.gradle.api.internal.tasks.testing.worker.TestWorker.processTestClass(TestWorker.java:108)
	at sun.reflect.NativeMethodAccessorImpl.invoke0(Native Method)
	at sun.reflect.NativeMethodAccessorImpl.invoke(NativeMethodAccessorImpl.java:62)
	at sun.reflect.DelegatingMethodAccessorImpl.invoke(DelegatingMethodAccessorImpl.java:43)
	at java.lang.reflect.Method.invoke(Method.java:498)
	at org.gradle.internal.dispatch.ReflectionDispatch.dispatch(ReflectionDispatch.java:35)
	at org.gradle.internal.dispatch.ReflectionDispatch.dispatch(ReflectionDispatch.java:24)
	at org.gradle.internal.remote.internal.hub.MessageHubBackedObjectConnection$DispatchWrapper.dispatch(MessageHubBackedObjectConnection.java:146)
	at org.gradle.internal.remote.internal.hub.MessageHubBackedObjectConnection$DispatchWrapper.dispatch(MessageHubBackedObjectConnection.java:128)
	at org.gradle.internal.remote.internal.hub.MessageHub$Handler.run(MessageHub.java:404)
	at org.gradle.internal.concurrent.ExecutorPolicy$CatchAndRecordFailures.onExecute(ExecutorPolicy.java:63)
	at org.gradle.internal.concurrent.ManagedExecutorImpl$1.run(ManagedExecutorImpl.java:46)
	at java.util.concurrent.ThreadPoolExecutor.runWorker(ThreadPoolExecutor.java:1149)
	at java.util.concurrent.ThreadPoolExecutor$Worker.run(ThreadPoolExecutor.java:624)
	at org.gradle.internal.concurrent.ThreadFactoryImpl$ManagedThreadRunnable.run(ThreadFactoryImpl.java:55)
	at java.lang.Thread.run(Thread.java:748)
</failure>
  </testcase>
  <testcase name="verificarLetraInicialTest2" classname="com.ceiba.Parqueadero.servicio.VehiculoServicioTest" time="0.006"/>
  <testcase name="verificarLetraInicialTest" classname="com.ceiba.Parqueadero.servicio.VehiculoServicioTest" time="0.003"/>
  <testcase name="obtenerCobroTest" classname="com.ceiba.Parqueadero.servicio.VehiculoServicioTest" time="0.002"/>
  <system-out><![CDATA[10:06:10.481 [Test worker] DEBUG org.springframework.test.context.junit4.SpringJUnit4ClassRunner - SpringJUnit4ClassRunner constructor called with [class com.ceiba.Parqueadero.servicio.VehiculoServicioTest]
10:06:10.488 [Test worker] DEBUG org.springframework.test.context.BootstrapUtils - Instantiating CacheAwareContextLoaderDelegate from class [org.springframework.test.context.cache.DefaultCacheAwareContextLoaderDelegate]
10:06:10.501 [Test worker] DEBUG org.springframework.test.context.BootstrapUtils - Instantiating BootstrapContext using constructor [public org.springframework.test.context.support.DefaultBootstrapContext(java.lang.Class,org.springframework.test.context.CacheAwareContextLoaderDelegate)]
10:06:10.534 [Test worker] DEBUG org.springframework.test.context.BootstrapUtils - Instantiating TestContextBootstrapper for test class [com.ceiba.Parqueadero.servicio.VehiculoServicioTest] from class [org.springframework.boot.test.context.SpringBootTestContextBootstrapper]
10:06:10.555 [Test worker] INFO org.springframework.boot.test.context.SpringBootTestContextBootstrapper - Neither @ContextConfiguration nor @ContextHierarchy found for test class [com.ceiba.Parqueadero.servicio.VehiculoServicioTest], using SpringBootContextLoader
10:06:10.563 [Test worker] DEBUG org.springframework.test.context.support.AbstractContextLoader - Did not detect default resource location for test class [com.ceiba.Parqueadero.servicio.VehiculoServicioTest]: class path resource [com/ceiba/Parqueadero/servicio/VehiculoServicioTest-context.xml] does not exist
10:06:10.563 [Test worker] DEBUG org.springframework.test.context.support.AbstractContextLoader - Did not detect default resource location for test class [com.ceiba.Parqueadero.servicio.VehiculoServicioTest]: class path resource [com/ceiba/Parqueadero/servicio/VehiculoServicioTestContext.groovy] does not exist
10:06:10.564 [Test worker] INFO org.springframework.test.context.support.AbstractContextLoader - Could not detect default resource locations for test class [com.ceiba.Parqueadero.servicio.VehiculoServicioTest]: no resource found for suffixes {-context.xml, Context.groovy}.
10:06:10.619 [Test worker] DEBUG org.springframework.test.context.support.ActiveProfilesUtils - Could not find an 'annotation declaring class' for annotation type [org.springframework.test.context.ActiveProfiles] and class [com.ceiba.Parqueadero.servicio.VehiculoServicioTest]
10:06:10.797 [Test worker] DEBUG org.springframework.boot.test.context.SpringBootTestContextBootstrapper - @TestExecutionListeners is not present for class [com.ceiba.Parqueadero.servicio.VehiculoServicioTest]: using defaults.
10:06:10.798 [Test worker] INFO org.springframework.boot.test.context.SpringBootTestContextBootstrapper - Loaded default TestExecutionListener class names from location [META-INF/spring.factories]: [org.springframework.test.context.web.ServletTestExecutionListener, org.springframework.test.context.support.DirtiesContextBeforeModesTestExecutionListener, org.springframework.test.context.support.DependencyInjectionTestExecutionListener, org.springframework.test.context.support.DirtiesContextTestExecutionListener, org.springframework.test.context.transaction.TransactionalTestExecutionListener, org.springframework.test.context.jdbc.SqlScriptsTestExecutionListener, org.springframework.boot.test.autoconfigure.restdocs.RestDocsTestExecutionListener, org.springframework.boot.test.autoconfigure.web.client.MockRestServiceServerResetTestExecutionListener, org.springframework.boot.test.autoconfigure.web.servlet.MockMvcPrintOnlyOnFailureTestExecutionListener, org.springframework.boot.test.autoconfigure.web.servlet.WebDriverTestExecutionListener, org.springframework.boot.test.mock.mockito.MockitoTestExecutionListener, org.springframework.boot.test.mock.mockito.ResetMocksTestExecutionListener]
10:06:10.824 [Test worker] INFO org.springframework.boot.test.context.SpringBootTestContextBootstrapper - Using TestExecutionListeners: [org.springframework.test.context.web.ServletTestExecutionListener@3da1b808, org.springframework.test.context.support.DirtiesContextBeforeModesTestExecutionListener@4427b02f, org.springframework.boot.test.autoconfigure.SpringBootDependencyInjectionTestExecutionListener@2c360a6a, org.springframework.test.context.support.DirtiesContextTestExecutionListener@433b978d, org.springframework.test.context.transaction.TransactionalTestExecutionListener@736a161a, org.springframework.test.context.jdbc.SqlScriptsTestExecutionListener@a356690, org.springframework.boot.test.autoconfigure.web.servlet.WebDriverTestExecutionListener@16cc58e6, org.springframework.boot.test.autoconfigure.restdocs.RestDocsTestExecutionListener@954324d, org.springframework.boot.test.autoconfigure.web.client.MockRestServiceServerResetTestExecutionListener@2a2d3fbb, org.springframework.boot.test.autoconfigure.web.servlet.MockMvcPrintOnlyOnFailureTestExecutionListener@b8ddd88, org.springframework.boot.test.mock.mockito.ResetMocksTestExecutionListener@7f72af77, org.springframework.boot.test.mock.mockito.MockitoTestExecutionListener@579c3c8e]
10:06:10.826 [Test worker] DEBUG org.springframework.test.annotation.ProfileValueUtils - Retrieved @ProfileValueSourceConfiguration [null] for test class [com.ceiba.Parqueadero.servicio.VehiculoServicioTest]
10:06:10.827 [Test worker] DEBUG org.springframework.test.annotation.ProfileValueUtils - Retrieved ProfileValueSource type [class org.springframework.test.annotation.SystemProfileValueSource] for class [com.ceiba.Parqueadero.servicio.VehiculoServicioTest]
10:06:10.827 [Test worker] DEBUG org.springframework.test.annotation.ProfileValueUtils - Retrieved @ProfileValueSourceConfiguration [null] for test class [com.ceiba.Parqueadero.servicio.VehiculoServicioTest]
10:06:10.827 [Test worker] DEBUG org.springframework.test.annotation.ProfileValueUtils - Retrieved ProfileValueSource type [class org.springframework.test.annotation.SystemProfileValueSource] for class [com.ceiba.Parqueadero.servicio.VehiculoServicioTest]
10:06:10.832 [Test worker] DEBUG org.springframework.test.context.support.AbstractDirtiesContextTestExecutionListener - Before test class: context [DefaultTestContext@53db450f testClass = VehiculoServicioTest, testInstance = [null], testMethod = [null], testException = [null], mergedContextConfiguration = [WebMergedContextConfiguration@3855fddf testClass = VehiculoServicioTest, locations = '{}', classes = '{class com.ceiba.Parqueadero.ServicioRestParqueadero.ServicioRestParqueaderoApplication, class com.ceiba.Parqueadero.ServicioRestParqueadero.ServicioRestParqueaderoApplication}', contextInitializerClasses = '[]', activeProfiles = '{}', propertySourceLocations = '{}', propertySourceProperties = '{org.springframework.boot.test.context.SpringBootTestContextBootstrapper=true}', contextCustomizers = set[org.springframework.boot.test.autoconfigure.properties.PropertyMappingContextCustomizer@0, org.springframework.boot.test.autoconfigure.web.servlet.WebDriverContextCustomizerFactory$Customizer@1dbe0cc9, org.springframework.boot.test.context.SpringBootTestContextCustomizer@605e7d25, org.springframework.boot.test.context.filter.ExcludeFilterContextCustomizer@4a65900b, org.springframework.boot.test.json.DuplicateJsonObjectContextCustomizerFactory$DuplicateJsonObjectContextCustomizer@3d1cd70d, org.springframework.boot.test.mock.mockito.MockitoContextCustomizer@0], resourceBasePath = 'src/main/webapp', contextLoader = 'org.springframework.boot.test.context.SpringBootContextLoader', parent = [null]], attributes = map['org.springframework.test.context.web.ServletTestExecutionListener.activateListener' -> true]], class annotated with @DirtiesContext [false] with mode [null].
10:06:10.833 [Test worker] DEBUG org.springframework.test.annotation.ProfileValueUtils - Retrieved @ProfileValueSourceConfiguration [null] for test class [com.ceiba.Parqueadero.servicio.VehiculoServicioTest]
10:06:10.833 [Test worker] DEBUG org.springframework.test.annotation.ProfileValueUtils - Retrieved ProfileValueSource type [class org.springframework.test.annotation.SystemProfileValueSource] for class [com.ceiba.Parqueadero.servicio.VehiculoServicioTest]
10:06:10.864 [Test worker] DEBUG org.springframework.core.env.StandardEnvironment - Adding PropertySource 'systemProperties' with lowest search precedence
10:06:10.865 [Test worker] DEBUG org.springframework.core.env.StandardEnvironment - Adding PropertySource 'systemEnvironment' with lowest search precedence
10:06:10.865 [Test worker] DEBUG org.springframework.core.env.StandardEnvironment - Initialized StandardEnvironment with PropertySources [MapPropertySource@1062483864 {name='systemProperties', properties={java.runtime.name=Java(TM) SE Runtime Environment, sun.boot.library.path=C:\Program Files\Java\jdk1.8.0_151\jre\bin, java.vm.version=25.151-b12, java.vm.vendor=Oracle Corporation, java.vendor.url=http://java.oracle.com/, path.separator=;, java.vm.name=Java HotSpot(TM) 64-Bit Server VM, file.encoding.pkg=sun.io, user.script=, sun.java.launcher=SUN_STANDARD, user.country=US, sun.os.patch.level=, java.vm.specification.name=Java Virtual Machine Specification, user.dir=C:\Users\julio.gomez\Documents\ProyectoParqueadero\ServicioRestParqueadero\ServicioRestParqueadero, java.runtime.version=1.8.0_151-b12, java.awt.graphicsenv=sun.awt.Win32GraphicsEnvironment, java.endorsed.dirs=C:\Program Files\Java\jdk1.8.0_151\jre\lib\endorsed, os.arch=amd64, java.io.tmpdir=C:\Users\JULIO~1.GOM\AppData\Local\Temp\, line.separator=
, java.vm.specification.vendor=Oracle Corporation, user.variant=, os.name=Windows 10, sun.jnu.encoding=Cp1252, java.library.path=C:\Program Files\Java\jdk1.8.0_151\bin;C:\WINDOWS\Sun\Java\bin;C:\WINDOWS\system32;C:\WINDOWS;C:/Program Files/Java/jre1.8.0_151/bin/server;C:/Program Files/Java/jre1.8.0_151/bin;C:/Program Files/Java/jre1.8.0_151/lib/amd64;C:\ProgramData\Oracle\Java\javapath;C:\Program Files (x86)\Intel\iCLS Client\;C:\Program Files\Intel\iCLS Client\;C:\Oracle\product\11.1.0\client_1\bin;C:\Program Files\CollabNet\Subversion Client;C:\WINDOWS\system32;C:\WINDOWS;C:\WINDOWS\System32\Wbem;C:\WINDOWS\System32\WindowsPowerShell\v1.0\;C:\Program Files (x86)\Intel\Intel(R) Management Engine Components\DAL;C:\Program Files\Intel\Intel(R) Management Engine Components\DAL;C:\Program Files (x86)\Intel\Intel(R) Management Engine Components\IPT;C:\Program Files\Intel\Intel(R) Management Engine Components\IPT;C:\Program Files\Git\cmd;C:\Program Files\TortoiseSVN\bin;C:\Program Files\PuTTY\;D:\Gradle\gradle-4.2.1-bin\gradle-4.2.1\bin;C:\Program Files\nodejs\;C:\Users\julio.gomez\AppData\Local\Microsoft\WindowsApps;C:\Users\julio.gomez\AppData\Roaming\npm;C:\Users\julio.gomez\AppData\Local\atom\bin;C:\Users\julio.gomez\Desktop\eclipse-jee-oxygen-1a-win32-x86_64\eclipse;;., java.specification.name=Java Platform API Specification, java.class.version=52.0, org.gradle.native=false, sun.management.compiler=HotSpot 64-Bit Tiered Compilers, os.version=10.0, user.home=C:\Users\julio.gomez, user.timezone=America/Bogota, java.awt.printerjob=sun.awt.windows.WPrinterJob, file.encoding=windows-1252, java.specification.version=1.8, java.class.path=C:\Users\julio.gomez\Documents\ProyectoParqueadero\ServicioRestParqueadero\ServicioRestParqueadero\build\classes\java\test;C:\Users\julio.gomez\Documents\ProyectoParqueadero\ServicioRestParqueadero\ServicioRestParqueadero\build\resources\test;C:\Users\julio.gomez\Documents\ProyectoParqueadero\ServicioRestParqueadero\ServicioRestParqueadero\build\classes\java\main;C:\Users\julio.gomez\Documents\ProyectoParqueadero\ServicioRestParqueadero\ServicioRestParqueadero\build\resources\main;D:\Gradle\gradle-4.2.1-bin\gradle-4.2.1\caches\modules-2\files-2.1\org.springframework.boot\spring-boot-starter-data-jpa\2.0.0.BUILD-SNAPSHOT\86296dec33f018717a8022fbf5966be2ba9e415b\spring-boot-starter-data-jpa-2.0.0.BUILD-SNAPSHOT.jar;D:\Gradle\gradle-4.2.1-bin\gradle-4.2.1\caches\modules-2\files-2.1\org.springframework.boot\spring-boot-starter-web\2.0.0.BUILD-SNAPSHOT\c8191d1579624c3840b479d1c8a9a3349b06515e\spring-boot-starter-web-2.0.0.BUILD-SNAPSHOT.jar;D:\Gradle\gradle-4.2.1-bin\gradle-4.2.1\caches\modules-2\files-2.1\org.springframework.boot\spring-boot-starter-jdbc\1.2.7.RELEASE\8d6cdbc948a01739361500f3c7482523611505cc\spring-boot-starter-jdbc-1.2.7.RELEASE.jar;D:\Gradle\gradle-4.2.1-bin\gradle-4.2.1\caches\modules-2\files-2.1\commons-collections\commons-collections\3.2\f951934aa5ae5a88d7e6dfaa6d32307d834a88be\commons-collections-3.2.jar;D:\Gradle\gradle-4.2.1-bin\gradle-4.2.1\caches\modules-2\files-2.1\com.h2database\h2\1.4.196\dd0034398d593aa3588c6773faac429bbd9aea0e\h2-1.4.196.jar;D:\Gradle\gradle-4.2.1-bin\gradle-4.2.1\caches\modules-2\files-2.1\org.springframework.boot\spring-boot-starter-test\2.0.0.BUILD-SNAPSHOT\600081435a4a1290c6a5b1e1abbc10a6e225108b\spring-boot-starter-test-2.0.0.BUILD-SNAPSHOT.jar;D:\Gradle\gradle-4.2.1-bin\gradle-4.2.1\caches\modules-2\files-2.1\junit\junit\4.12\2973d150c0dc1fefe998f834810d68f278ea58ec\junit-4.12.jar;D:\Gradle\gradle-4.2.1-bin\gradle-4.2.1\caches\modules-2\files-2.1\org.mockito\mockito-core\2.11.0\f819efbe6ef3f010382cdc1b4d33749e377e1cc4\mockito-core-2.11.0.jar;D:\Gradle\gradle-4.2.1-bin\gradle-4.2.1\caches\modules-2\files-2.1\org.springframework.boot\spring-boot-starter-aop\2.0.0.BUILD-SNAPSHOT\140b3945408196a29e830aebf8c58a056870fcf\spring-boot-starter-aop-2.0.0.BUILD-SNAPSHOT.jar;D:\Gradle\gradle-4.2.1-bin\gradle-4.2.1\caches\modules-2\files-2.1\org.springframework.boot\spring-boot-starter-json\2.0.0.BUILD-SNAPSHOT\2d4c2930cc66aa1912a369554790c9a94748772\spring-boot-starter-json-2.0.0.BUILD-SNAPSHOT.jar;D:\Gradle\gradle-4.2.1-bin\gradle-4.2.1\caches\modules-2\files-2.1\org.springframework.boot\spring-boot-starter\2.0.0.BUILD-SNAPSHOT\563de5ef494207e9d15a91482be6ec872eb8ae21\spring-boot-starter-2.0.0.BUILD-SNAPSHOT.jar;D:\Gradle\gradle-4.2.1-bin\gradle-4.2.1\caches\modules-2\files-2.1\org.hibernate\hibernate-core\5.2.12.Final\ea479b6692e22c9b642dd4142db670e92d106544\hibernate-core-5.2.12.Final.jar;D:\Gradle\gradle-4.2.1-bin\gradle-4.2.1\caches\modules-2\files-2.1\javax.transaction\javax.transaction-api\1.2\d81aff979d603edd90dcd8db2abc1f4ce6479e3e\javax.transaction-api-1.2.jar;D:\Gradle\gradle-4.2.1-bin\gradle-4.2.1\caches\modules-2\files-2.1\org.springframework.data\spring-data-jpa\2.0.1.RELEASE\5ccc56fa163f759a24974c684c324a57044d53ce\spring-data-jpa-2.0.1.RELEASE.jar;D:\Gradle\gradle-4.2.1-bin\gradle-4.2.1\caches\modules-2\files-2.1\org.springframework\spring-aspects\5.0.1.RELEASE\6d59bcdcd9bfc987755a8dc007afc24beb33e573\spring-aspects-5.0.1.RELEASE.jar;D:\Gradle\gradle-4.2.1-bin\gradle-4.2.1\caches\modules-2\files-2.1\org.springframework.boot\spring-boot-starter-tomcat\2.0.0.BUILD-SNAPSHOT\6393536dde737c93d8a9f3788c227439e8ab477a\spring-boot-starter-tomcat-2.0.0.BUILD-SNAPSHOT.jar;D:\Gradle\gradle-4.2.1-bin\gradle-4.2.1\caches\modules-2\files-2.1\org.hibernate.validator\hibernate-validator\6.0.4.Final\7b40e0fc3b971e47daa3bd36e82fdac1fd685f8a\hibernate-validator-6.0.4.Final.jar;D:\Gradle\gradle-4.2.1-bin\gradle-4.2.1\caches\modules-2\files-2.1\org.springframework\spring-webmvc\5.0.1.RELEASE\fac2215ac59e9c20125b7dd219f280cc393e8e9d\spring-webmvc-5.0.1.RELEASE.jar;D:\Gradle\gradle-4.2.1-bin\gradle-4.2.1\caches\modules-2\files-2.1\org.springframework\spring-web\5.0.1.RELEASE\1c9401a2c34da753fd11114b5d97b094cff50027\spring-web-5.0.1.RELEASE.jar;D:\Gradle\gradle-4.2.1-bin\gradle-4.2.1\caches\modules-2\files-2.1\org.springframework\spring-orm\5.0.1.RELEASE\4af3797f6c903e79ff620646d780cc7e51ec5a32\spring-orm-5.0.1.RELEASE.jar;D:\Gradle\gradle-4.2.1-bin\gradle-4.2.1\caches\modules-2\files-2.1\org.springframework\spring-jdbc\5.0.1.RELEASE\458a3369b61b443f5720b10d2658665dc1ade2a5\spring-jdbc-5.0.1.RELEASE.jar;D:\Gradle\gradle-4.2.1-bin\gradle-4.2.1\caches\modules-2\files-2.1\org.springframework\spring-tx\5.0.1.RELEASE\2550813eb3f0696b3fc442784245eae8c8a663b4\spring-tx-5.0.1.RELEASE.jar;D:\Gradle\gradle-4.2.1-bin\gradle-4.2.1\caches\modules-2\files-2.1\org.springframework\spring-test\5.0.1.RELEASE\47dee3bebbcbcaff1be786b6c0db654ba7376eb9\spring-test-5.0.1.RELEASE.jar;D:\Gradle\gradle-4.2.1-bin\gradle-4.2.1\caches\modules-2\files-2.1\org.springframework.boot\spring-boot-test-autoconfigure\2.0.0.BUILD-SNAPSHOT\2478e667b8a2b351904e1638f003334d6dbb4c87\spring-boot-test-autoconfigure-2.0.0.BUILD-SNAPSHOT.jar;D:\Gradle\gradle-4.2.1-bin\gradle-4.2.1\caches\modules-2\files-2.1\org.springframework.boot\spring-boot-test\2.0.0.BUILD-SNAPSHOT\c01cd56971c1b784420a394a280ca4eabf80af24\spring-boot-test-2.0.0.BUILD-SNAPSHOT.jar;D:\Gradle\gradle-4.2.1-bin\gradle-4.2.1\caches\modules-2\files-2.1\org.springframework.boot\spring-boot-autoconfigure\2.0.0.BUILD-SNAPSHOT\61c90de0c89ec43cd4fca61f669599a4591a5dca\spring-boot-autoconfigure-2.0.0.BUILD-SNAPSHOT.jar;D:\Gradle\gradle-4.2.1-bin\gradle-4.2.1\caches\modules-2\files-2.1\org.springframework.boot\spring-boot\2.0.0.BUILD-SNAPSHOT\9dbc5b86fc90c3ef71d7aa5fbd2653bbc7d32ec4\spring-boot-2.0.0.BUILD-SNAPSHOT.jar;D:\Gradle\gradle-4.2.1-bin\gradle-4.2.1\caches\modules-2\files-2.1\org.springframework\spring-context\5.0.1.RELEASE\9d359d7a7aee47715737cc8cd8f4a305493afd1c\spring-context-5.0.1.RELEASE.jar;D:\Gradle\gradle-4.2.1-bin\gradle-4.2.1\caches\modules-2\files-2.1\org.springframework\spring-aop\5.0.1.RELEASE\24b5f15af06c3c8b995c1d04c5345a5fb1c472b5\spring-aop-5.0.1.RELEASE.jar;D:\Gradle\gradle-4.2.1-bin\gradle-4.2.1\caches\modules-2\files-2.1\org.springframework.data\spring-data-commons\2.0.1.RELEASE\a2b6a1397b97315f816f106779ab8cbcc840eb40\spring-data-commons-2.0.1.RELEASE.jar;D:\Gradle\gradle-4.2.1-bin\gradle-4.2.1\caches\modules-2\files-2.1\org.springframework\spring-beans\5.0.1.RELEASE\5667beb711927d73ff89e487411b450c2fa4d42a\spring-beans-5.0.1.RELEASE.jar;D:\Gradle\gradle-4.2.1-bin\gradle-4.2.1\caches\modules-2\files-2.1\org.springframework\spring-expression\5.0.1.RELEASE\1885125028b548fe12862687f1bac2e1c8fbf7e5\spring-expression-5.0.1.RELEASE.jar;D:\Gradle\gradle-4.2.1-bin\gradle-4.2.1\caches\modules-2\files-2.1\org.springframework\spring-core\5.0.1.RELEASE\1e0344e553a5ff714f299096216769beffd0d291\spring-core-5.0.1.RELEASE.jar;D:\Gradle\gradle-4.2.1-bin\gradle-4.2.1\caches\modules-2\files-2.1\org.apache.tomcat\tomcat-jdbc\8.5.23\6036400a8f2d90dd3ae3a4d09e5136c56002887b\tomcat-jdbc-8.5.23.jar;D:\Gradle\gradle-4.2.1-bin\gradle-4.2.1\caches\modules-2\files-2.1\org.hamcrest\hamcrest-library\1.3\4785a3c21320980282f9f33d0d1264a69040538f\hamcrest-library-1.3.jar;D:\Gradle\gradle-4.2.1-bin\gradle-4.2.1\caches\modules-2\files-2.1\org.hamcrest\hamcrest-core\1.3\42a25dc3219429f0e5d060061f71acb49bf010a0\hamcrest-core-1.3.jar;D:\Gradle\gradle-4.2.1-bin\gradle-4.2.1\caches\modules-2\files-2.1\com.jayway.jsonpath\json-path\2.4.0\765a4401ceb2dc8d40553c2075eb80a8fa35c2ae\json-path-2.4.0.jar;D:\Gradle\gradle-4.2.1-bin\gradle-4.2.1\caches\modules-2\files-2.1\org.assertj\assertj-core\3.8.0\b209d90ff2e279bee3e02547ee7b11349c52d0e3\assertj-core-3.8.0.jar;D:\Gradle\gradle-4.2.1-bin\gradle-4.2.1\caches\modules-2\files-2.1\org.skyscreamer\jsonassert\1.5.0\6c9d5fe2f59da598d9aefc1cfc6528ff3cf32df3\jsonassert-1.5.0.jar;D:\Gradle\gradle-4.2.1-bin\gradle-4.2.1\caches\modules-2\files-2.1\org.xmlunit\xmlunit-core\2.5.0\7464e446df1051ac5196ffd2c28ee903a1104133\xmlunit-core-2.5.0.jar;D:\Gradle\gradle-4.2.1-bin\gradle-4.2.1\caches\modules-2\files-2.1\net.bytebuddy\byte-buddy\1.7.8\c83b9009dd067b96067108dfffb8f2b790c9905f\byte-buddy-1.7.8.jar;D:\Gradle\gradle-4.2.1-bin\gradle-4.2.1\caches\modules-2\files-2.1\net.bytebuddy\byte-buddy-agent\1.7.8\4ba5a5be4fc479b07a9471d9bcc6cbfb36a7518\byte-buddy-agent-1.7.8.jar;D:\Gradle\gradle-4.2.1-bin\gradle-4.2.1\caches\modules-2\files-2.1\org.objenesis\objenesis\2.6\639033469776fd37c08358c6b92a4761feb2af4b\objenesis-2.6.jar;D:\Gradle\gradle-4.2.1-bin\gradle-4.2.1\caches\modules-2\files-2.1\org.springframework.boot\spring-boot-starter-logging\2.0.0.BUILD-SNAPSHOT\48bf764ad51729ef81365e1e7605c98777aeb806\spring-boot-starter-logging-2.0.0.BUILD-SNAPSHOT.jar;D:\Gradle\gradle-4.2.1-bin\gradle-4.2.1\caches\modules-2\files-2.1\javax.annotation\javax.annotation-api\1.3.1\20a2c0583598d68b0835474bbe07792d4f3b219f\javax.annotation-api-1.3.1.jar;D:\Gradle\gradle-4.2.1-bin\gradle-4.2.1\caches\modules-2\files-2.1\org.yaml\snakeyaml\1.19\2d998d3d674b172a588e54ab619854d073f555b5\snakeyaml-1.19.jar;D:\Gradle\gradle-4.2.1-bin\gradle-4.2.1\caches\modules-2\files-2.1\org.aspectj\aspectjweaver\1.8.12\87be4d5a1c68004a247a62c011fa63da786965fb\aspectjweaver-1.8.12.jar;D:\Gradle\gradle-4.2.1-bin\gradle-4.2.1\caches\modules-2\files-2.1\org.hibernate.common\hibernate-commons-annotations\5.0.1.Final\71e1cff3fcb20d3b3af4f3363c3ddb24d33c6879\hibernate-commons-annotations-5.0.1.Final.jar;D:\Gradle\gradle-4.2.1-bin\gradle-4.2.1\caches\modules-2\files-2.1\org.jboss.logging\jboss-logging\3.3.1.Final\c46217ab74b532568c0ed31dc599db3048bd1b67\jboss-logging-3.3.1.Final.jar;D:\Gradle\gradle-4.2.1-bin\gradle-4.2.1\caches\modules-2\files-2.1\org.hibernate.javax.persistence\hibernate-jpa-2.1-api\1.0.0.Final\5e731d961297e5a07290bfaf3db1fbc8bbbf405a\hibernate-jpa-2.1-api-1.0.0.Final.jar;D:\Gradle\gradle-4.2.1-bin\gradle-4.2.1\caches\modules-2\files-2.1\org.javassist\javassist\3.22.0-CR2\44eaf0990dea92f4bca4b9931b2239c0e8756ee7\javassist-3.22.0-CR2.jar;D:\Gradle\gradle-4.2.1-bin\gradle-4.2.1\caches\modules-2\files-2.1\antlr\antlr\2.7.7\83cd2cd674a217ade95a4bb83a8a14f351f48bd0\antlr-2.7.7.jar;D:\Gradle\gradle-4.2.1-bin\gradle-4.2.1\caches\modules-2\files-2.1\org.jboss\jandex\2.0.3.Final\bfc4d6257dbff7a33a357f0de116be6ff951d849\jandex-2.0.3.Final.jar;D:\Gradle\gradle-4.2.1-bin\gradle-4.2.1\caches\modules-2\files-2.1\com.fasterxml\classmate\1.3.4\3d5f48f10bbe4eb7bd862f10c0583be2e0053c6\classmate-1.3.4.jar;D:\Gradle\gradle-4.2.1-bin\gradle-4.2.1\caches\modules-2\files-2.1\dom4j\dom4j\1.6.1\5d3ccc056b6f056dbf0dddfdf43894b9065a8f94\dom4j-1.6.1.jar;D:\Gradle\gradle-4.2.1-bin\gradle-4.2.1\caches\modules-2\files-2.1\ch.qos.logback\logback-classic\1.2.3\7c4f3c474fb2c041d8028740440937705ebb473a\logback-classic-1.2.3.jar;D:\Gradle\gradle-4.2.1-bin\gradle-4.2.1\caches\modules-2\files-2.1\org.slf4j\jul-to-slf4j\1.7.25\af5364cd6679bfffb114f0dec8a157aaa283b76\jul-to-slf4j-1.7.25.jar;D:\Gradle\gradle-4.2.1-bin\gradle-4.2.1\caches\modules-2\files-2.1\org.slf4j\log4j-over-slf4j\1.7.25\a87bb47468f47ee7aabbd54f93e133d4215769c3\log4j-over-slf4j-1.7.25.jar;D:\Gradle\gradle-4.2.1-bin\gradle-4.2.1\caches\modules-2\files-2.1\org.slf4j\slf4j-api\1.7.25\da76ca59f6a57ee3102f8f9bd9cee742973efa8a\slf4j-api-1.7.25.jar;D:\Gradle\gradle-4.2.1-bin\gradle-4.2.1\caches\modules-2\files-2.1\com.fasterxml.jackson.datatype\jackson-datatype-jdk8\2.9.2\9b0b7c623262e29c73e8f6a78f6150372d2066f8\jackson-datatype-jdk8-2.9.2.jar;D:\Gradle\gradle-4.2.1-bin\gradle-4.2.1\caches\modules-2\files-2.1\com.fasterxml.jackson.datatype\jackson-datatype-jsr310\2.9.2\e1653d338703d8233cc1ac18c6722510bdaceb4f\jackson-datatype-jsr310-2.9.2.jar;D:\Gradle\gradle-4.2.1-bin\gradle-4.2.1\caches\modules-2\files-2.1\com.fasterxml.jackson.module\jackson-module-parameter-names\2.9.2\be78ca220839b2c53ebd33fd4d580b5a0cacdd5a\jackson-module-parameter-names-2.9.2.jar;D:\Gradle\gradle-4.2.1-bin\gradle-4.2.1\caches\modules-2\files-2.1\com.fasterxml.jackson.module\jackson-module-kotlin\2.9.2\a9cf72ae68a641ade45c400b6cec2d363818f11b\jackson-module-kotlin-2.9.2.jar;D:\Gradle\gradle-4.2.1-bin\gradle-4.2.1\caches\modules-2\files-2.1\com.fasterxml.jackson.core\jackson-databind\2.9.2\1d8d8cb7cf26920ba57fb61fa56da88cc123b21f\jackson-databind-2.9.2.jar;D:\Gradle\gradle-4.2.1-bin\gradle-4.2.1\caches\modules-2\files-2.1\org.apache.tomcat.embed\tomcat-embed-websocket\8.5.23\52f07abcae10dc7e1764304b0877def175c2c833\tomcat-embed-websocket-8.5.23.jar;D:\Gradle\gradle-4.2.1-bin\gradle-4.2.1\caches\modules-2\files-2.1\org.apache.tomcat.embed\tomcat-embed-core\8.5.23\79261793a47f507890ee08f749b9d81774e4f7f0\tomcat-embed-core-8.5.23.jar;D:\Gradle\gradle-4.2.1-bin\gradle-4.2.1\caches\modules-2\files-2.1\org.apache.tomcat.embed\tomcat-embed-el\8.5.23\98d979cde444dffa6d434c8377d0123b2dfa614c\tomcat-embed-el-8.5.23.jar;D:\Gradle\gradle-4.2.1-bin\gradle-4.2.1\caches\modules-2\files-2.1\javax.validation\validation-api\2.0.0.Final\4a7ff48084bd336c4de1f79f027f6f77badf399e\validation-api-2.0.0.Final.jar;D:\Gradle\gradle-4.2.1-bin\gradle-4.2.1\caches\modules-2\files-2.1\org.springframework\spring-jcl\5.0.1.RELEASE\a21b24bce2fa5f4d447bdfec7dbb83e04ba9436\spring-jcl-5.0.1.RELEASE.jar;D:\Gradle\gradle-4.2.1-bin\gradle-4.2.1\caches\modules-2\files-2.1\org.apache.tomcat\tomcat-juli\8.5.23\98e7f0610b7b2fb8303f11be0210e3f5a56a7d55\tomcat-juli-8.5.23.jar;D:\Gradle\gradle-4.2.1-bin\gradle-4.2.1\caches\modules-2\files-2.1\net.minidev\json-smart\2.3\7396407491352ce4fa30de92efb158adb76b5b\json-smart-2.3.jar;D:\Gradle\gradle-4.2.1-bin\gradle-4.2.1\caches\modules-2\files-2.1\com.vaadin.external.google\android-json\0.0.20131108.vaadin1\fa26d351fe62a6a17f5cda1287c1c6110dec413f\android-json-0.0.20131108.vaadin1.jar;D:\Gradle\gradle-4.2.1-bin\gradle-4.2.1\caches\modules-2\files-2.1\com.fasterxml.jackson.core\jackson-annotations\2.9.0\7c10d545325e3a6e72e06381afe469fd40eb701\jackson-annotations-2.9.0.jar;D:\Gradle\gradle-4.2.1-bin\gradle-4.2.1\caches\modules-2\files-2.1\com.fasterxml.jackson.core\jackson-core\2.9.2\aed20e50152a2f19adc1995c8d8f307c7efa414d\jackson-core-2.9.2.jar;D:\Gradle\gradle-4.2.1-bin\gradle-4.2.1\caches\modules-2\files-2.1\org.apache.tomcat\tomcat-annotations-api\8.5.23\aaf17df9fe0240e9e9d5375d24d5f177174b73d9\tomcat-annotations-api-8.5.23.jar;D:\Gradle\gradle-4.2.1-bin\gradle-4.2.1\caches\modules-2\files-2.1\net.minidev\accessors-smart\1.2\c592b500269bfde36096641b01238a8350f8aa31\accessors-smart-1.2.jar;D:\Gradle\gradle-4.2.1-bin\gradle-4.2.1\caches\modules-2\files-2.1\ch.qos.logback\logback-core\1.2.3\864344400c3d4d92dfeb0a305dc87d953677c03c\logback-core-1.2.3.jar;D:\Gradle\gradle-4.2.1-bin\gradle-4.2.1\caches\modules-2\files-2.1\org.ow2.asm\asm\5.0.4\da08b8cce7bbf903602a25a3a163ae252435795\asm-5.0.4.jar, user.name=julio.gomez, java.vm.specification.version=1.8, sun.java.command=worker.org.gradle.process.internal.worker.GradleWorkerMain 'Gradle Test Executor 2', java.home=C:\Program Files\Java\jdk1.8.0_151\jre, sun.arch.data.model=64, user.language=en, java.specification.vendor=Oracle Corporation, awt.toolkit=sun.awt.windows.WToolkit, java.vm.info=mixed mode, java.version=1.8.0_151, java.ext.dirs=C:\Program Files\Java\jdk1.8.0_151\jre\lib\ext;C:\WINDOWS\Sun\Java\lib\ext, property=value, sun.boot.class.path=C:\Program Files\Java\jdk1.8.0_151\jre\lib\resources.jar;C:\Program Files\Java\jdk1.8.0_151\jre\lib\rt.jar;C:\Program Files\Java\jdk1.8.0_151\jre\lib\sunrsasign.jar;C:\Program Files\Java\jdk1.8.0_151\jre\lib\jsse.jar;C:\Program Files\Java\jdk1.8.0_151\jre\lib\jce.jar;C:\Program Files\Java\jdk1.8.0_151\jre\lib\charsets.jar;C:\Program Files\Java\jdk1.8.0_151\jre\lib\jfr.jar;C:\Program Files\Java\jdk1.8.0_151\jre\classes, java.vendor=Oracle Corporation, org.gradle.test.worker=2, file.separator=\, java.vendor.url.bug=http://bugreport.sun.com/bugreport/, sun.io.unicode.encoding=UnicodeLittle, sun.cpu.endian=little, sun.desktop=windows, sun.cpu.isalist=amd64}}, SystemEnvironmentPropertySource@1745452175 {name='systemEnvironment', properties={USERDOMAIN_ROAMINGPROFILE=CEIBA, LOCALAPPDATA=C:\Users\julio.gomez\AppData\Local, PROCESSOR_LEVEL=6, USERDOMAIN=CEIBA, LOGONSERVER=\\ARES, JAVA_HOME=C:\Program Files\Java\jdk1.8.0_151, SESSIONNAME=Console, ALLUSERSPROFILE=C:\ProgramData, PROCESSOR_ARCHITECTURE=AMD64, GRADLE_HOME=D:\Gradle\gradle-4.2.1-bin\gradle-4.2.1\bin, PSModulePath=C:\Program Files\WindowsPowerShell\Modules;C:\WINDOWS\system32\WindowsPowerShell\v1.0\Modules, SystemDrive=C:, JRE_HOME=C:\Program Files\Java\jdk1.8.0_151\jre, OneDrive=C:\Users\julio.gomez\OneDrive, APPDATA=C:\Users\julio.gomez\AppData\Roaming, USERNAME=julio.gomez, JDK_HOME=C:\Program Files\Java\jdk1.8.0_151, USERDNSDOMAIN=CEIBA.LOCAL, ProgramFiles(x86)=C:\Program Files (x86), CommonProgramFiles=C:\Program Files\Common Files, Path=C:/Program Files/Java/jre1.8.0_151/bin/server;C:/Program Files/Java/jre1.8.0_151/bin;C:/Program Files/Java/jre1.8.0_151/lib/amd64;C:\ProgramData\Oracle\Java\javapath;C:\Program Files (x86)\Intel\iCLS Client\;C:\Program Files\Intel\iCLS Client\;C:\Oracle\product\11.1.0\client_1\bin;C:\Program Files\CollabNet\Subversion Client;C:\WINDOWS\system32;C:\WINDOWS;C:\WINDOWS\System32\Wbem;C:\WINDOWS\System32\WindowsPowerShell\v1.0\;C:\Program Files (x86)\Intel\Intel(R) Management Engine Components\DAL;C:\Program Files\Intel\Intel(R) Management Engine Components\DAL;C:\Program Files (x86)\Intel\Intel(R) Management Engine Components\IPT;C:\Program Files\Intel\Intel(R) Management Engine Components\IPT;C:\Program Files\Git\cmd;C:\Program Files\TortoiseSVN\bin;C:\Program Files\PuTTY\;D:\Gradle\gradle-4.2.1-bin\gradle-4.2.1\bin;C:\Program Files\nodejs\;C:\Users\julio.gomez\AppData\Local\Microsoft\WindowsApps;C:\Users\julio.gomez\AppData\Roaming\npm;C:\Users\julio.gomez\AppData\Local\atom\bin;C:\Users\julio.gomez\Desktop\eclipse-jee-oxygen-1a-win32-x86_64\eclipse;, PATHEXT=.COM;.EXE;.BAT;.CMD;.VBS;.VBE;.JS;.JSE;.WSF;.WSH;.MSC, OS=Windows_NT, COMPUTERNAME=JULIO-GOMEZ, PROCESSOR_REVISION=3a09, CLASSPATH=.;C:\Program Files\Java\jdk1.8.0_151\lib;C:\Program Files\Java\jdk1.8.0_151\jre\lib, CommonProgramW6432=C:\Program Files\Common Files, ComSpec=C:\WINDOWS\system32\cmd.exe, ProgramData=C:\ProgramData, ProgramW6432=C:\Program Files, HOMEPATH=\Users\julio.gomez, SystemRoot=C:\WINDOWS, TEMP=C:\Users\JULIO~1.GOM\AppData\Local\Temp, HOMEDRIVE=C:, PROCESSOR_IDENTIFIER=Intel64 Family 6 Model 58 Stepping 9, GenuineIntel, USERPROFILE=C:\Users\julio.gomez, TMP=C:\Users\JULIO~1.GOM\AppData\Local\Temp, CommonProgramFiles(x86)=C:\Program Files (x86)\Common Files, ProgramFiles=C:\Program Files, PUBLIC=C:\Users\Public, NUMBER_OF_PROCESSORS=8, windir=C:\WINDOWS, =::=::\}}]
10:06:10.878 [Test worker] DEBUG org.springframework.test.context.support.TestPropertySourceUtils - Adding inlined properties to environment: {spring.jmx.enabled=false, org.springframework.boot.test.context.SpringBootTestContextBootstrapper=true, server.port=-1}
10:06:10.878 [Test worker] DEBUG org.springframework.core.env.StandardEnvironment - Adding PropertySource 'Inlined Test Properties' with highest search precedence

  .   ____          _            __ _ _
 /\\ / ___'_ __ _ _(_)_ __  __ _ \ \ \ \
( ( )\___ | '_ | '_| | '_ \/ _` | \ \ \ \
 \\/  ___)| |_)| | | | | || (_| |  ) ) ) )
  '  |____| .__|_| |_|_| |_\__, | / / / /
 =========|_|==============|___/=/_/_/_/
 :: Spring Boot ::  (v2.0.0.BUILD-SNAPSHOT)

2017-10-31 10:06:11.277  INFO 6788 --- [    Test worker] c.c.P.servicio.VehiculoServicioTest      : Starting VehiculoServicioTest on JULIO-GOMEZ with PID 6788 (started by julio.gomez in C:\Users\julio.gomez\Documents\ProyectoParqueadero\ServicioRestParqueadero\ServicioRestParqueadero)
2017-10-31 10:06:11.279  INFO 6788 --- [    Test worker] c.c.P.servicio.VehiculoServicioTest      : No active profile set, falling back to default profiles: default
2017-10-31 10:06:11.355  INFO 6788 --- [    Test worker] o.s.w.c.s.GenericWebApplicationContext   : Refreshing org.springframework.web.context.support.GenericWebApplicationContext@20f6823f: startup date [Tue Oct 31 10:06:11 COT 2017]; root of context hierarchy
2017-10-31 10:06:14.372  INFO 6788 --- [    Test worker] j.LocalContainerEntityManagerFactoryBean : Building JPA container EntityManagerFactory for persistence unit 'default'
2017-10-31 10:06:14.403  INFO 6788 --- [    Test worker] o.hibernate.jpa.internal.util.LogHelper  : HHH000204: Processing PersistenceUnitInfo [
	name: default
	...]
2017-10-31 10:06:14.524  INFO 6788 --- [    Test worker] org.hibernate.Version                    : HHH000412: Hibernate Core {5.2.12.Final}
2017-10-31 10:06:14.527  INFO 6788 --- [    Test worker] org.hibernate.cfg.Environment            : HHH000206: hibernate.properties not found
2017-10-31 10:06:14.588  INFO 6788 --- [    Test worker] o.hibernate.annotations.common.Version   : HCANN000001: Hibernate Commons Annotations {5.0.1.Final}
2017-10-31 10:06:14.789  INFO 6788 --- [    Test worker] org.hibernate.dialect.Dialect            : HHH000400: Using dialect: org.hibernate.dialect.H2Dialect
Hibernate: alter table detalle_factura_actividades drop constraint if exists UK_t80x4dj0v0bp0conknsgefeib
Hibernate: alter table detalle_factura_actividades add constraint UK_t80x4dj0v0bp0conknsgefeib unique (actividades_id)
2017-10-31 10:06:15.947  INFO 6788 --- [    Test worker] o.h.h.i.QueryTranslatorFactoryInitiator  : HHH000397: Using ASTQueryTranslatorFactory
2017-10-31 10:06:16.130  INFO 6788 --- [    Test worker] j.LocalContainerEntityManagerFactoryBean : Initialized JPA EntityManagerFactory for persistence unit 'default'
2017-10-31 10:06:16.175  INFO 6788 --- [    Test worker] o.s.jdbc.datasource.init.ScriptUtils     : Executing SQL script from URL [file:/C:/Users/julio.gomez/Documents/ProyectoParqueadero/ServicioRestParqueadero/ServicioRestParqueadero/build/resources/main/data.sql]
2017-10-31 10:06:16.176  INFO 6788 --- [    Test worker] o.s.jdbc.datasource.init.ScriptUtils     : Executed SQL script from URL [file:/C:/Users/julio.gomez/Documents/ProyectoParqueadero/ServicioRestParqueadero/ServicioRestParqueadero/build/resources/main/data.sql] in 1 ms.
2017-10-31 10:06:17.475  INFO 6788 --- [    Test worker] s.w.s.m.m.a.RequestMappingHandlerAdapter : Looking for @ControllerAdvice: org.springframework.web.context.support.GenericWebApplicationContext@20f6823f: startup date [Tue Oct 31 10:06:11 COT 2017]; root of context hierarchy
2017-10-31 10:06:17.580  WARN 6788 --- [    Test worker] aWebConfiguration$JpaWebMvcConfiguration : spring.jpa.open-in-view is enabled by default. Therefore, database queries may be performed during view rendering. Explicitly configure spring.jpa.open-in-view to disable this warning
2017-10-31 10:06:17.657  INFO 6788 --- [    Test worker] s.w.s.m.m.a.RequestMappingHandlerMapping : Mapped "{[/Actividad],methods=[GET]}" onto public java.util.List<com.ceiba.Parqueadero.entidad.Actividad> com.ceiba.Parqueadero.controller.VehiculoController.obtenerActividades()
2017-10-31 10:06:17.659  INFO 6788 --- [    Test worker] s.w.s.m.m.a.RequestMappingHandlerMapping : Mapped "{[/ingresar],methods=[GET]}" onto public java.lang.String com.ceiba.Parqueadero.controller.VehiculoController.obtenerPersonas() throws java.text.ParseException
2017-10-31 10:06:17.660  INFO 6788 --- [    Test worker] s.w.s.m.m.a.RequestMappingHandlerMapping : Mapped "{[/parqueadero/vehiculos],methods=[GET]}" onto public java.util.stream.Stream<com.ceiba.Parqueadero.entidad.Actividad> com.ceiba.Parqueadero.controller.VehiculoController.obtenerVehiculos()
2017-10-31 10:06:17.662  INFO 6788 --- [    Test worker] s.w.s.m.m.a.RequestMappingHandlerMapping : Mapped "{[/Salida],methods=[POST]}" onto public java.lang.String com.ceiba.Parqueadero.controller.VehiculoController.registrarSalida(com.ceiba.Parqueadero.entidad.Vehiculo)
2017-10-31 10:06:17.662  INFO 6788 --- [    Test worker] s.w.s.m.m.a.RequestMappingHandlerMapping : Mapped "{[/factura],methods=[POST]}" onto public org.springframework.http.ResponseEntity<com.ceiba.Parqueadero.entidad.DetalleFactura> com.ceiba.Parqueadero.controller.VehiculoController.facturaGuardar(com.ceiba.Parqueadero.entidad.Vehiculo)
2017-10-31 10:06:17.663  INFO 6788 --- [    Test worker] s.w.s.m.m.a.RequestMappingHandlerMapping : Mapped "{[/Grabar],methods=[GET]}" onto public java.lang.String com.ceiba.Parqueadero.controller.VehiculoController.grabarVehiculo()
2017-10-31 10:06:17.663  INFO 6788 --- [    Test worker] s.w.s.m.m.a.RequestMappingHandlerMapping : Mapped "{[/pruebas],methods=[GET]}" onto public int com.ceiba.Parqueadero.controller.VehiculoController.utilidades()
2017-10-31 10:06:17.663  INFO 6788 --- [    Test worker] s.w.s.m.m.a.RequestMappingHandlerMapping : Mapped "{[/persistVehiculo],methods=[POST]}" onto public org.springframework.http.ResponseEntity<com.ceiba.Parqueadero.entidad.Vehiculo> com.ceiba.Parqueadero.controller.VehiculoController.persistPerson(com.ceiba.Parqueadero.entidad.Vehiculo)
2017-10-31 10:06:17.664  INFO 6788 --- [    Test worker] s.w.s.m.m.a.RequestMappingHandlerMapping : Mapped "{[/pruebaPost],methods=[POST]}" onto public java.lang.String com.ceiba.Parqueadero.controller.VehiculoController.persistVehiculo(com.ceiba.Parqueadero.entidad.Vehiculo)
2017-10-31 10:06:17.668  INFO 6788 --- [    Test worker] s.w.s.m.m.a.RequestMappingHandlerMapping : Mapped "{[/error]}" onto public org.springframework.http.ResponseEntity<java.util.Map<java.lang.String, java.lang.Object>> org.springframework.boot.autoconfigure.web.servlet.error.BasicErrorController.error(javax.servlet.http.HttpServletRequest)
2017-10-31 10:06:17.669  INFO 6788 --- [    Test worker] s.w.s.m.m.a.RequestMappingHandlerMapping : Mapped "{[/error],produces=[text/html]}" onto public org.springframework.web.servlet.ModelAndView org.springframework.boot.autoconfigure.web.servlet.error.BasicErrorController.errorHtml(javax.servlet.http.HttpServletRequest,javax.servlet.http.HttpServletResponse)
2017-10-31 10:06:17.736  INFO 6788 --- [    Test worker] o.s.w.s.handler.SimpleUrlHandlerMapping  : Mapped URL path [/webjars/**] onto handler of type [class org.springframework.web.servlet.resource.ResourceHttpRequestHandler]
2017-10-31 10:06:17.736  INFO 6788 --- [    Test worker] o.s.w.s.handler.SimpleUrlHandlerMapping  : Mapped URL path [/**] onto handler of type [class org.springframework.web.servlet.resource.ResourceHttpRequestHandler]
2017-10-31 10:06:17.817  INFO 6788 --- [    Test worker] o.s.w.s.handler.SimpleUrlHandlerMapping  : Mapped URL path [/**/favicon.ico] onto handler of type [class org.springframework.web.servlet.resource.ResourceHttpRequestHandler]
2017-10-31 10:06:18.314  INFO 6788 --- [    Test worker] c.c.P.servicio.VehiculoServicioTest      : Started VehiculoServicioTest in 7.421 seconds (JVM running for 9.703)
]]></system-out>
  <system-err><![CDATA[]]></system-err>
</testsuite>
