<?xml version="1.0" encoding="UTF-8"?>
<testsuite name="com.ceiba.Parqueadero.controller.VehiculoControllerTest" tests="1" skipped="0" failures="0" errors="0" timestamp="2017-10-31T15:06:09" hostname="JULIO-GOMEZ" time="0.001">
  <properties/>
  <testcase name="grabarVehiculoTest" classname="com.ceiba.Parqueadero.controller.VehiculoControllerTest" time="0.001"/>
  <system-out><![CDATA[]]></system-out>
  <system-err><![CDATA[]]></system-err>
</testsuite>
